2026-03-20 21:20:05,347 - __main__ - INFO - Starting Auto Upload Shorts CLI
2026-03-20 21:20:05,349 - src.db_manager - INFO - Database initialized and connected at history.sqlite
2026-03-20 21:20:05,350 - src.android_auto - INFO - Connecting to Android device/LDPlayer at localhost:5555...
2026-03-20 21:20:05,352 - src.android_auto - ERROR - Failed to connect: No adb exe could be found. Install adb on your system
2026-03-20 21:20:05,352 - __main__ - ERROR - Could not connect to LDPlayer device. Stop.
2026-03-21 07:38:23,074 - __main__ - INFO - Starting Auto Upload Shorts CLI
2026-03-21 07:38:23,076 - src.db_manager - INFO - Database initialized and connected at history.sqlite
2026-03-21 07:38:23,077 - src.android_auto - INFO - Connecting to Android device/LDPlayer at localhost:5555...
2026-03-21 07:38:33,272 - src.android_auto - ERROR - Failed to connect: device localhost:5555 not online
2026-03-21 07:38:33,273 - __main__ - ERROR - Could not connect to LDPlayer device. Stop.
2026-03-21 07:55:03,362 - __main__ - INFO - Starting Auto Upload Shorts CLI
2026-03-21 07:55:03,362 - __main__ - INFO - Mode: DRY-RUN (Will not tap final Upload button)
2026-03-21 07:55:03,368 - src.db_manager - INFO - Database initialized and connected at history.sqlite
2026-03-21 07:55:03,369 - src.device - INFO - Connecting to Android device/emulator at 127.0.0.1:5555 (attempt 1/3)…
2026-03-21 07:55:14,323 - src.device - WARNING - Connect/healthcheck failed: 'Device' object has no attribute 'healthcheck'
2026-03-21 07:55:16,327 - src.device - INFO - Connecting to Android device/emulator at 127.0.0.1:5555 (attempt 2/3)…
2026-03-21 07:55:16,878 - src.device - WARNING - Connect/healthcheck failed: 'Device' object has no attribute 'healthcheck'
2026-03-21 07:55:20,883 - src.device - INFO - Connecting to Android device/emulator at 127.0.0.1:5555 (attempt 3/3)…
2026-03-21 07:55:21,048 - src.device - WARNING - Connect/healthcheck failed: 'Device' object has no attribute 'healthcheck'
2026-03-21 07:55:21,048 - __main__ - ERROR - Could not connect to Android device/emulator. Stop.
2026-03-21 07:56:15,029 - __main__ - INFO - Starting Auto Upload Shorts CLI
2026-03-21 07:56:15,030 - __main__ - INFO - Mode: DRY-RUN (Will not tap final Upload button)
2026-03-21 07:56:15,033 - src.db_manager - INFO - Database initialized and connected at history.sqlite
2026-03-21 07:56:15,033 - src.device - INFO - Connecting to Android device/emulator at 127.0.0.1:5555 (attempt 1/3)…
2026-03-21 07:56:15,747 - src.device - WARNING - uiautomator2.healthcheck() not available; proceeded after info() ping.
2026-03-21 07:56:15,748 - src.drive_sync - INFO - Downloading from Google Drive folder: https://drive.google.com/drive/folders/1D6ZOZfQpvpXKJI0IrAJ3wdc323-dOSh6
2026-03-21 07:56:17,794 - src.drive_sync - ERROR - Error during drive sync: The gdrive folder with url: https://drive.google.com/drive/folders/1D6ZOZfQpvpXKJI0IrAJ3wdc323-dOSh6?hl=en has more than 50 files, gdrive can't download more than this limit.
2026-03-21 07:56:17,795 - __main__ - INFO - No valid images found or failed to download. Exiting.
2026-03-21 07:59:41,738 - __main__ - INFO - Starting Auto Upload Shorts CLI
2026-03-21 07:59:41,738 - __main__ - INFO - Mode: DRY-RUN (Will not tap final Upload button)
2026-03-21 07:59:41,742 - src.db_manager - INFO - Database initialized and connected at history.sqlite
2026-03-21 07:59:41,742 - src.device - INFO - Connecting to Android device/emulator at 127.0.0.1:5555 (attempt 1/3)…
2026-03-21 07:59:56,456 - src.device - WARNING - uiautomator2.healthcheck() not available; proceeded after info() ping.
2026-03-21 07:59:56,459 - src.drive_sync - INFO - Downloading from Google Drive folder: https://drive.google.com/drive/folders/1D6ZOZfQpvpXKJI0IrAJ3wdc323-dOSh6
2026-03-21 08:05:23,812 - __main__ - INFO - Starting Auto Upload Shorts CLI
2026-03-21 08:05:23,813 - __main__ - INFO - Mode: DRY-RUN (Will not tap final Upload button)
2026-03-21 08:05:23,817 - src.db_manager - INFO - Database initialized and connected at history.sqlite
2026-03-21 08:05:23,817 - src.device - INFO - Connecting to Android device/emulator at 127.0.0.1:5555 (attempt 1/3)…
2026-03-21 08:06:04,104 - src.device - WARNING - Connect/healthcheck failed: ('server not ready', '')
2026-03-21 08:06:06,107 - src.device - INFO - Connecting to Android device/emulator at 127.0.0.1:5555 (attempt 2/3)…
2026-03-21 08:06:13,105 - src.device - WARNING - Connect/healthcheck failed: [server] INFO: [UiAutomator2Server] Starting Server
java.lang.IllegalStateException: UiAutomationService android.accessibilityservice.IAccessibilityServiceClient$Stub$Proxy@b224fc1already registered!
	at android.os.Parcel.createExceptionOrNull(Parcel.java:3019)
	at android.os.Parcel.createException(Parcel.java:2995)
	at android.os.Parcel.readException(Parcel.java:2978)
	at android.os.Parcel.readException(Parcel.java:2920)
	at android.view.accessibility.IAccessibilityManager$Stub$Proxy.registerUiTestAutomationService(IAccessibilityManager.java:813)
	at android.app.UiAutomationConnection.registerUiTestAutomationServiceLocked(UiAutomationConnection.java:558)
	at android.app.UiAutomationConnection.connect(UiAutomationConnection.java:112)
	at android.app.UiAutomation.connectWithTimeout(UiAutomation.java:329)
	at java.lang.reflect.Method.invoke(Native Method)
	at mirror.RefMethod.call(RefMethod.java:63)
	at uiautomator.InstrumentShellWrapper.getUiAutomation(InstrumentShellWrapper.java:101)
	at androidx.test.uiautomator.UiDevice$Api24Impl.getUiAutomationWithRetry(UiDevice.java:1545)
	at androidx.test.uiautomator.UiDevice.getUiAutomation(UiDevice.java:1468)
	at androidx.test.uiautomator.QueryController.<init>(QueryController.java:95)
	at androidx.test.uiautomator.UiDevice.<init>(UiDevice.java:115)
	at androidx.test.uiautomator.UiDevice.getInstance(UiDevice.java:296)
	at com.wetest.uia2.Main.runServer(Main.java:50)
	at com.wetest.uia2.Main.main(Main.java:30)
	at com.android.internal.os.RuntimeInit.nativeFinishInit(Native Method)
	at com.android.internal.os.RuntimeInit.main(RuntimeInit.java:355)
Caused by: android.os.RemoteException: Remote stack trace:
	at com.android.server.accessibility.UiAutomationManager.registerUiTestAutomationServiceLocked(UiAutomationManager.java:104)
	at com.android.server.accessibility.AccessibilityManagerService.registerUiTestAutomationService(AccessibilityManagerService.java:1221)
	at android.view.accessibility.IAccessibilityManager$Stub.onTransact(IAccessibilityManager.java:427)
	at android.os.Binder.execTransactInternal(Binder.java:1280)
	at android.os.Binder.execTransact(Binder.java:1244)

java.lang.IllegalStateException: UiAutomation not connected, UiAutomation@b2be824[id=-1, flags=0]
	at android.app.UiAutomation.throwIfNotConnectedLocked(UiAutomation.java:1511)
	at android.app.UiAutomation.getServiceInfo(UiAutomation.java:616)
	at androidx.test.uiautomator.UiDevice.getUiAutomation(UiDevice.java:1482)
	at androidx.test.uiautomator.QueryController.<init>(QueryController.java:95)
	at androidx.test.uiautomator.UiDevice.<init>(UiDevice.java:115)
	at androidx.test.uiautomator.UiDevice.getInstance(UiDevice.java:296)
	at com.wetest.uia2.Main.runServer(Main.java:50)
	at com.wetest.uia2.Main.main(Main.java:30)
	at com.android.internal.os.RuntimeInit.nativeFinishInit(Native Method)
	at com.android.internal.os.RuntimeInit.main(RuntimeInit.java:355)

2026-03-21 08:06:17,113 - src.device - INFO - Connecting to Android device/emulator at 127.0.0.1:5555 (attempt 3/3)…
2026-03-21 08:06:17,344 - src.device - WARNING - uiautomator2.healthcheck() not available; proceeded after info() ping.
2026-03-21 08:06:17,348 - __main__ - INFO - Loaded 5 images from local dir: /Users/nguyenquocbao/Developer/auto-upload/temp
2026-03-21 08:06:17,351 - __main__ - INFO - Processing new image: 2_hoa_hậu_họ_Đỗ_có_chồng_là_doanh_nhân_vừa_trúng_cử_đại_biểu_HĐND_là_ai.jpg
2026-03-21 08:06:17,351 - src.android_auto - INFO - Transferring /Users/nguyenquocbao/Developer/auto-upload/temp/2_hoa_hậu_họ_Đỗ_có_chồng_là_doanh_nhân_vừa_trúng_cử_đại_biểu_HĐND_là_ai.jpg to device at /sdcard/Download/2_hoa_hậu_họ_Đỗ_có_chồng_là_doanh_nhân_vừa_trúng_cử_đại_biểu_HĐND_là_ai.jpg
2026-03-21 08:06:17,591 - src.android_auto - INFO - Opening YouTube app...
2026-03-21 08:06:27,645 - src.android_auto - INFO - Clicking Create (+) button...
2026-03-21 08:06:37,490 - src.android_auto - INFO - Clicking 'Create a Short'...
2026-03-21 08:06:39,775 - src.android_auto - INFO - Picking image from gallery...
2026-03-21 08:06:42,848 - src.android_auto - ERROR - Could not find gallery button.
2026-03-21 08:06:42,853 - __main__ - ERROR - Failed to upload 2_hoa_hậu_họ_Đỗ_có_chồng_là_doanh_nhân_vừa_trúng_cử_đại_biểu_HĐND_là_ai.jpg
2026-03-21 08:06:42,858 - __main__ - INFO - Processing new image: 2_tháng_Cần_Thơ_thu_2600_tỷ_đồng_từ_xổ_số.jpg
2026-03-21 08:06:42,859 - src.android_auto - INFO - Transferring /Users/nguyenquocbao/Developer/auto-upload/temp/2_tháng_Cần_Thơ_thu_2600_tỷ_đồng_từ_xổ_số.jpg to device at /sdcard/Download/2_tháng_Cần_Thơ_thu_2600_tỷ_đồng_từ_xổ_số.jpg
2026-03-21 08:06:42,980 - src.android_auto - INFO - Opening YouTube app...
2026-03-21 08:06:54,032 - src.android_auto - INFO - Clicking Create (+) button...
2026-03-21 08:07:01,521 - src.android_auto - INFO - Clicking 'Create a Short'...
2026-03-21 08:07:04,487 - src.android_auto - INFO - Picking image from gallery...
2026-03-21 08:07:07,644 - src.android_auto - ERROR - Could not find gallery button.
2026-03-21 08:07:07,644 - __main__ - ERROR - Failed to upload 2_tháng_Cần_Thơ_thu_2600_tỷ_đồng_từ_xổ_số.jpg
2026-03-21 08:07:07,647 - __main__ - INFO - Processing new image: 3_nhan_sắc_Hoa_hậu_Đại_dương_Việt_Nam_2025_làm_nàng_thơ_áo_dài.jpg
2026-03-21 08:07:07,647 - src.android_auto - INFO - Transferring /Users/nguyenquocbao/Developer/auto-upload/temp/3_nhan_sắc_Hoa_hậu_Đại_dương_Việt_Nam_2025_làm_nàng_thơ_áo_dài.jpg to device at /sdcard/Download/3_nhan_sắc_Hoa_hậu_Đại_dương_Việt_Nam_2025_làm_nàng_thơ_áo_dài.jpg
2026-03-21 08:07:07,735 - src.android_auto - INFO - Opening YouTube app...
2026-03-21 08:07:17,576 - src.android_auto - INFO - Clicking Create (+) button...
2026-03-21 08:07:23,362 - src.android_auto - INFO - Clicking 'Create a Short'...
2026-03-21 08:07:25,636 - src.android_auto - INFO - Picking image from gallery...
2026-03-21 08:07:28,700 - src.android_auto - ERROR - Could not find gallery button.
2026-03-21 08:07:28,702 - __main__ - ERROR - Failed to upload 3_nhan_sắc_Hoa_hậu_Đại_dương_Việt_Nam_2025_làm_nàng_thơ_áo_dài.jpg
2026-03-21 08:07:28,705 - __main__ - INFO - Processing new image: 4_khung_giờ_vàng_trong_ngày_để_học_tiếng_Anh_hiệu_quả_nhất.jpg
2026-03-21 08:07:28,705 - src.android_auto - INFO - Transferring /Users/nguyenquocbao/Developer/auto-upload/temp/4_khung_giờ_vàng_trong_ngày_để_học_tiếng_Anh_hiệu_quả_nhất.jpg to device at /sdcard/Download/4_khung_giờ_vàng_trong_ngày_để_học_tiếng_Anh_hiệu_quả_nhất.jpg
2026-03-21 08:07:28,930 - src.android_auto - INFO - Opening YouTube app...
2026-03-21 08:49:24,970 - __main__ - INFO - Starting Auto Upload Shorts CLI
2026-03-21 08:49:24,970 - __main__ - INFO - Mode: DRY-RUN (Will not tap final Upload button)
2026-03-21 08:49:24,973 - src.db_manager - INFO - Database initialized and connected at history.sqlite
2026-03-21 08:49:24,973 - src.device - INFO - Connecting to Android device/emulator at 127.0.0.1:5555 (attempt 1/3)…
2026-03-21 08:49:25,032 - src.device - WARNING - Connect/healthcheck failed: closed
2026-03-21 08:49:27,037 - src.device - INFO - Connecting to Android device/emulator at 127.0.0.1:5555 (attempt 2/3)…
2026-03-21 08:49:28,398 - src.device - WARNING - uiautomator2.healthcheck() not available; proceeded after info() ping.
2026-03-21 08:49:28,401 - __main__ - INFO - Loaded 5 images from local dir: /Users/nguyenquocbao/Developer/auto-upload/temp
2026-03-21 08:49:28,407 - __main__ - INFO - Processing new image: 2_hoa_hậu_họ_Đỗ_có_chồng_là_doanh_nhân_vừa_trúng_cử_đại_biểu_HĐND_là_ai.jpg
2026-03-21 08:49:28,407 - src.android_auto - INFO - Transferring /Users/nguyenquocbao/Developer/auto-upload/temp/2_hoa_hậu_họ_Đỗ_có_chồng_là_doanh_nhân_vừa_trúng_cử_đại_biểu_HĐND_là_ai.jpg to device at /sdcard/Download/2_hoa_hậu_họ_Đỗ_có_chồng_là_doanh_nhân_vừa_trúng_cử_đại_biểu_HĐND_là_ai.jpg
2026-03-21 08:49:28,651 - src.android_auto - INFO - Opening YouTube app...
2026-03-21 08:49:38,548 - src.android_auto - INFO - Clicking Create (+) button...
2026-03-21 08:49:43,842 - src.android_auto - INFO - Clicking 'Create a Short'...
2026-03-21 08:49:46,066 - src.android_auto - INFO - Picking image from gallery...
2026-03-21 08:49:55,516 - src.android_auto - INFO - Selecting the recent image...
2026-03-21 08:50:00,947 - src.android_auto - INFO - Clicking Done/Next after selection...
2026-03-21 08:50:04,134 - src.android_auto - INFO - Adding trending music...
2026-03-21 08:50:11,588 - src.android_auto - INFO - Adding caption: Hôm nay trời đẹp quá
2026-03-21 08:50:14,670 - src.android_auto - INFO - DRY RUN: Skipping the final Upload button click.
2026-03-21 08:50:14,674 - __main__ - INFO - Cleaned up local file: 2_hoa_hậu_họ_Đỗ_có_chồng_là_doanh_nhân_vừa_trúng_cử_đại_biểu_HĐND_là_ai.jpg
2026-03-21 08:50:14,677 - __main__ - INFO - Processing new image: 2_tháng_Cần_Thơ_thu_2600_tỷ_đồng_từ_xổ_số.jpg
2026-03-21 08:50:14,677 - src.android_auto - INFO - Transferring /Users/nguyenquocbao/Developer/auto-upload/temp/2_tháng_Cần_Thơ_thu_2600_tỷ_đồng_từ_xổ_số.jpg to device at /sdcard/Download/2_tháng_Cần_Thơ_thu_2600_tỷ_đồng_từ_xổ_số.jpg
2026-03-21 08:50:14,756 - src.android_auto - INFO - Opening YouTube app...
2026-03-21 08:50:24,641 - src.android_auto - INFO - Clicking Create (+) button...
2026-03-21 08:50:29,346 - src.android_auto - INFO - Clicking 'Create a Short'...
2026-03-21 08:50:31,548 - src.android_auto - INFO - Picking image from gallery...
2026-03-21 08:50:41,994 - __main__ - INFO - Starting Auto Upload Shorts CLI
2026-03-21 08:50:41,995 - src.db_manager - INFO - Database initialized and connected at history.sqlite
2026-03-21 08:50:41,995 - src.device - INFO - Connecting to Android device/emulator at 127.0.0.1:5555 (attempt 1/3)…
2026-03-21 08:50:42,725 - src.device - WARNING - uiautomator2.healthcheck() not available; proceeded after info() ping.
2026-03-21 08:50:42,726 - __main__ - INFO - Loaded 5 images from local dir: /Users/nguyenquocbao/Developer/auto-upload/temp
2026-03-21 08:50:42,728 - __main__ - INFO - Processing new image: 2_tháng_Cần_Thơ_thu_2600_tỷ_đồng_từ_xổ_số.jpg
2026-03-21 08:50:42,728 - src.android_auto - INFO - Transferring /Users/nguyenquocbao/Developer/auto-upload/temp/2_tháng_Cần_Thơ_thu_2600_tỷ_đồng_từ_xổ_số.jpg to device at /sdcard/Download/2_tháng_Cần_Thơ_thu_2600_tỷ_đồng_từ_xổ_số.jpg
2026-03-21 08:50:42,832 - src.android_auto - INFO - Opening YouTube app...
2026-03-21 08:50:53,035 - src.android_auto - INFO - Clicking Create (+) button...
2026-03-21 08:50:58,862 - src.android_auto - INFO - Clicking 'Create a Short'...
2026-03-21 08:51:01,099 - src.android_auto - INFO - Picking image from gallery...
2026-03-21 08:51:10,549 - src.android_auto - INFO - Selecting the recent image...
2026-03-21 08:51:15,950 - src.android_auto - INFO - Clicking Done/Next after selection...
2026-03-21 08:51:19,120 - src.android_auto - INFO - Adding trending music...
2026-03-21 08:51:37,294 - src.android_auto - INFO - Adding caption: Nội dung hay quá
2026-03-21 08:51:40,334 - src.android_auto - INFO - Clicking 'Upload Short'...
2026-03-21 08:51:46,524 - src.android_auto - ERROR - Could not find Upload button.
2026-03-21 08:51:46,526 - __main__ - ERROR - Failed to upload 2_tháng_Cần_Thơ_thu_2600_tỷ_đồng_từ_xổ_số.jpg
2026-03-21 08:51:46,536 - __main__ - INFO - Processing new image: 3_nhan_sắc_Hoa_hậu_Đại_dương_Việt_Nam_2025_làm_nàng_thơ_áo_dài.jpg
2026-03-21 08:51:46,537 - src.android_auto - INFO - Transferring /Users/nguyenquocbao/Developer/auto-upload/temp/3_nhan_sắc_Hoa_hậu_Đại_dương_Việt_Nam_2025_làm_nàng_thơ_áo_dài.jpg to device at /sdcard/Download/3_nhan_sắc_Hoa_hậu_Đại_dương_Việt_Nam_2025_làm_nàng_thơ_áo_dài.jpg
2026-03-21 08:51:46,631 - src.android_auto - INFO - Opening YouTube app...
2026-03-21 08:51:56,135 - src.android_auto - INFO - Clicking Create (+) button...
2026-03-21 08:52:04,198 - src.android_auto - ERROR - Could not find Create button.
2026-03-21 08:52:04,200 - __main__ - ERROR - Failed to upload 3_nhan_sắc_Hoa_hậu_Đại_dương_Việt_Nam_2025_làm_nàng_thơ_áo_dài.jpg
2026-03-21 08:52:04,207 - __main__ - INFO - Processing new image: 4_khung_giờ_vàng_trong_ngày_để_học_tiếng_Anh_hiệu_quả_nhất.jpg
2026-03-21 08:52:04,207 - src.android_auto - INFO - Transferring /Users/nguyenquocbao/Developer/auto-upload/temp/4_khung_giờ_vàng_trong_ngày_để_học_tiếng_Anh_hiệu_quả_nhất.jpg to device at /sdcard/Download/4_khung_giờ_vàng_trong_ngày_để_học_tiếng_Anh_hiệu_quả_nhất.jpg
2026-03-21 08:52:04,315 - src.android_auto - INFO - Opening YouTube app...
2026-03-21 08:53:07,705 - __main__ - INFO - Starting Auto Upload Shorts CLI
2026-03-21 08:53:07,708 - src.db_manager - INFO - Database initialized and connected at history.sqlite
2026-03-21 08:53:07,708 - src.device - INFO - Connecting to Android device/emulator at 127.0.0.1:5555 (attempt 1/3)…
2026-03-21 08:53:09,040 - src.device - WARNING - uiautomator2.healthcheck() not available; proceeded after info() ping.
2026-03-21 08:53:09,043 - __main__ - INFO - Loaded 5 images from local dir: /Users/nguyenquocbao/Developer/auto-upload/temp
2026-03-21 08:53:09,045 - __main__ - INFO - Processing new image: 2_tháng_Cần_Thơ_thu_2600_tỷ_đồng_từ_xổ_số.jpg
2026-03-21 08:53:09,045 - src.android_auto - INFO - Transferring /Users/nguyenquocbao/Developer/auto-upload/temp/2_tháng_Cần_Thơ_thu_2600_tỷ_đồng_từ_xổ_số.jpg to device at /sdcard/Download/2_tháng_Cần_Thơ_thu_2600_tỷ_đồng_từ_xổ_số.jpg
2026-03-21 08:53:09,147 - src.android_auto - INFO - Opening YouTube app...
2026-03-21 08:53:18,764 - src.android_auto - INFO - Clicking Create (+) button...
2026-03-21 08:54:30,401 - src.android_auto - INFO - Clicking 'Create a Short'...
2026-03-21 08:54:42,734 - src.android_auto - ERROR - Could not find 'Create a Short' button.
2026-03-21 08:54:42,736 - __main__ - ERROR - Failed to upload 2_tháng_Cần_Thơ_thu_2600_tỷ_đồng_từ_xổ_số.jpg
2026-03-21 08:54:42,741 - __main__ - INFO - Processing new image: 3_nhan_sắc_Hoa_hậu_Đại_dương_Việt_Nam_2025_làm_nàng_thơ_áo_dài.jpg
2026-03-21 08:54:42,741 - src.android_auto - INFO - Transferring /Users/nguyenquocbao/Developer/auto-upload/temp/3_nhan_sắc_Hoa_hậu_Đại_dương_Việt_Nam_2025_làm_nàng_thơ_áo_dài.jpg to device at /sdcard/Download/3_nhan_sắc_Hoa_hậu_Đại_dương_Việt_Nam_2025_làm_nàng_thơ_áo_dài.jpg
2026-03-21 08:54:42,882 - src.android_auto - INFO - Opening YouTube app...
2026-03-21 08:54:52,648 - src.android_auto - INFO - Clicking Create (+) button...
2026-03-21 08:55:00,783 - src.android_auto - ERROR - Could not find Create button.
2026-03-21 08:55:00,784 - __main__ - ERROR - Failed to upload 3_nhan_sắc_Hoa_hậu_Đại_dương_Việt_Nam_2025_làm_nàng_thơ_áo_dài.jpg
2026-03-21 08:55:00,787 - __main__ - INFO - Processing new image: 4_khung_giờ_vàng_trong_ngày_để_học_tiếng_Anh_hiệu_quả_nhất.jpg
2026-03-21 08:55:00,788 - src.android_auto - INFO - Transferring /Users/nguyenquocbao/Developer/auto-upload/temp/4_khung_giờ_vàng_trong_ngày_để_học_tiếng_Anh_hiệu_quả_nhất.jpg to device at /sdcard/Download/4_khung_giờ_vàng_trong_ngày_để_học_tiếng_Anh_hiệu_quả_nhất.jpg
2026-03-21 08:55:00,891 - src.android_auto - INFO - Opening YouTube app...
2026-03-21 08:55:11,194 - src.android_auto - INFO - Clicking Create (+) button...
2026-03-21 08:55:19,346 - src.android_auto - ERROR - Could not find Create button.
2026-03-21 08:55:19,347 - __main__ - ERROR - Failed to upload 4_khung_giờ_vàng_trong_ngày_để_học_tiếng_Anh_hiệu_quả_nhất.jpg
2026-03-21 08:55:19,349 - __main__ - INFO - Processing new image: 4_người_tấn_công_đôi_nam_nữ_giữa_đường_ở_TPHCM.jpg
2026-03-21 08:55:19,350 - src.android_auto - INFO - Transferring /Users/nguyenquocbao/Developer/auto-upload/temp/4_người_tấn_công_đôi_nam_nữ_giữa_đường_ở_TPHCM.jpg to device at /sdcard/Download/4_người_tấn_công_đôi_nam_nữ_giữa_đường_ở_TPHCM.jpg
2026-03-21 08:55:19,453 - src.android_auto - INFO - Opening YouTube app...
2026-03-21 08:55:29,337 - src.android_auto - INFO - Clicking Create (+) button...
2026-03-21 08:55:37,457 - src.android_auto - ERROR - Could not find Create button.
2026-03-21 08:55:37,457 - __main__ - ERROR - Failed to upload 4_người_tấn_công_đôi_nam_nữ_giữa_đường_ở_TPHCM.jpg
2026-03-21 08:55:37,460 - __main__ - INFO - Processing new image: 4_phương_pháp_điều_trị_rò_hậu_môn.jpg
2026-03-21 08:55:37,460 - src.android_auto - INFO - Transferring /Users/nguyenquocbao/Developer/auto-upload/temp/4_phương_pháp_điều_trị_rò_hậu_môn.jpg to device at /sdcard/Download/4_phương_pháp_điều_trị_rò_hậu_môn.jpg
2026-03-21 08:55:37,560 - src.android_auto - INFO - Opening YouTube app...
2026-03-21 08:56:43,383 - __main__ - INFO - Starting Auto Upload Shorts CLI
2026-03-21 08:56:43,387 - src.db_manager - INFO - Database initialized and connected at history.sqlite
2026-03-21 08:56:43,387 - src.device - INFO - Connecting to Android device/emulator at 127.0.0.1:5555 (attempt 1/3)…
2026-03-21 08:56:44,733 - src.device - WARNING - uiautomator2.healthcheck() not available; proceeded after info() ping.
2026-03-21 08:56:44,735 - __main__ - INFO - Loaded 5 images from local dir: /Users/nguyenquocbao/Developer/auto-upload/temp
2026-03-21 08:56:44,738 - __main__ - INFO - Processing new image: 2_tháng_Cần_Thơ_thu_2600_tỷ_đồng_từ_xổ_số.jpg
2026-03-21 08:56:44,738 - src.android_auto - INFO - Transferring /Users/nguyenquocbao/Developer/auto-upload/temp/2_tháng_Cần_Thơ_thu_2600_tỷ_đồng_từ_xổ_số.jpg to device at /sdcard/Download/2_tháng_Cần_Thơ_thu_2600_tỷ_đồng_từ_xổ_số.jpg
2026-03-21 08:56:44,962 - src.android_auto - INFO - Opening YouTube app...
2026-03-21 08:56:54,997 - src.android_auto - INFO - Clicking Create (+) button...
2026-03-21 08:57:01,398 - src.android_auto - INFO - Clicking 'Create a Short'...
2026-03-21 08:57:03,660 - src.android_auto - INFO - Picking image from gallery...
2026-03-21 08:57:13,186 - src.android_auto - INFO - Selecting the recent image...
2026-03-21 08:57:18,725 - src.android_auto - INFO - Clicking Done/Next after selection...
2026-03-21 08:57:21,946 - src.android_auto - INFO - Adding trending music...
2026-03-21 08:57:25,477 - src.android_auto - INFO - Adding caption: Tuyệt vời
2026-03-21 08:57:28,536 - src.android_auto - INFO - Clicking 'Upload Short'...
2026-03-21 08:57:31,707 - src.android_auto - ERROR - Could not find Upload button.
2026-03-21 08:57:31,707 - __main__ - ERROR - Failed to upload 2_tháng_Cần_Thơ_thu_2600_tỷ_đồng_từ_xổ_số.jpg
2026-03-21 08:57:31,714 - __main__ - INFO - Processing new image: 3_nhan_sắc_Hoa_hậu_Đại_dương_Việt_Nam_2025_làm_nàng_thơ_áo_dài.jpg
2026-03-21 08:57:31,715 - src.android_auto - INFO - Transferring /Users/nguyenquocbao/Developer/auto-upload/temp/3_nhan_sắc_Hoa_hậu_Đại_dương_Việt_Nam_2025_làm_nàng_thơ_áo_dài.jpg to device at /sdcard/Download/3_nhan_sắc_Hoa_hậu_Đại_dương_Việt_Nam_2025_làm_nàng_thơ_áo_dài.jpg
2026-03-21 08:57:31,963 - src.android_auto - INFO - Opening YouTube app...
2026-03-21 08:57:42,610 - src.android_auto - INFO - Clicking Create (+) button...
2026-03-21 08:58:37,151 - __main__ - INFO - Starting Auto Upload Shorts CLI
2026-03-21 08:58:37,154 - src.db_manager - INFO - Database initialized and connected at history.sqlite
2026-03-21 08:58:37,154 - src.device - INFO - Connecting to Android device/emulator at 127.0.0.1:5555 (attempt 1/3)…
2026-03-21 08:58:38,441 - src.device - WARNING - uiautomator2.healthcheck() not available; proceeded after info() ping.
2026-03-21 08:58:38,443 - __main__ - INFO - Loaded 5 images from local dir: /Users/nguyenquocbao/Developer/auto-upload/temp
2026-03-21 08:58:38,447 - __main__ - INFO - Processing new image: 2_tháng_Cần_Thơ_thu_2600_tỷ_đồng_từ_xổ_số.jpg
2026-03-21 08:58:38,448 - src.android_auto - INFO - Transferring /Users/nguyenquocbao/Developer/auto-upload/temp/2_tháng_Cần_Thơ_thu_2600_tỷ_đồng_từ_xổ_số.jpg to device at /sdcard/Download/2_tháng_Cần_Thơ_thu_2600_tỷ_đồng_từ_xổ_số.jpg
2026-03-21 08:58:38,653 - src.android_auto - INFO - Opening YouTube app...
2026-03-21 08:58:48,242 - src.android_auto - INFO - Clicking Create (+) button...
2026-03-21 08:59:04,649 - src.android_auto - INFO - Closing popup by clicking: Close
2026-03-21 08:59:07,178 - src.android_auto - INFO - Clicking 'Create a Short'...
2026-03-21 08:59:15,824 - src.android_auto - INFO - Picking image from gallery...
2026-03-21 08:59:23,088 - __main__ - INFO - Starting Auto Upload Shorts CLI
2026-03-21 08:59:23,089 - src.db_manager - INFO - Database initialized and connected at history.sqlite
2026-03-21 08:59:23,089 - src.device - INFO - Connecting to Android device/emulator at 127.0.0.1:5555 (attempt 1/3)…
2026-03-21 08:59:24,359 - src.device - WARNING - uiautomator2.healthcheck() not available; proceeded after info() ping.
2026-03-21 08:59:24,361 - __main__ - INFO - Loaded 5 images from local dir: /Users/nguyenquocbao/Developer/auto-upload/temp
2026-03-21 08:59:24,364 - __main__ - INFO - Processing new image: 2_tháng_Cần_Thơ_thu_2600_tỷ_đồng_từ_xổ_số.jpg
2026-03-21 08:59:24,364 - src.android_auto - INFO - Transferring /Users/nguyenquocbao/Developer/auto-upload/temp/2_tháng_Cần_Thơ_thu_2600_tỷ_đồng_từ_xổ_số.jpg to device at /sdcard/Download/2_tháng_Cần_Thơ_thu_2600_tỷ_đồng_từ_xổ_số.jpg
2026-03-21 08:59:24,580 - src.android_auto - INFO - Opening YouTube app...
2026-03-21 08:59:30,812 - src.android_auto - INFO - Closing popup by clicking: Dismiss
2026-03-21 08:59:34,038 - src.android_auto - INFO - Clicking Create (+) button...
2026-03-21 09:00:41,063 - src.android_auto - INFO - Clicking 'Create a Short'...
2026-03-21 09:01:01,376 - src.android_auto - ERROR - Could not find 'Create a Short' button.
2026-03-21 09:01:01,377 - __main__ - ERROR - Failed to upload 2_tháng_Cần_Thơ_thu_2600_tỷ_đồng_từ_xổ_số.jpg
2026-03-21 09:01:01,384 - __main__ - INFO - Processing new image: 3_nhan_sắc_Hoa_hậu_Đại_dương_Việt_Nam_2025_làm_nàng_thơ_áo_dài.jpg
2026-03-21 09:01:01,384 - src.android_auto - INFO - Transferring /Users/nguyenquocbao/Developer/auto-upload/temp/3_nhan_sắc_Hoa_hậu_Đại_dương_Việt_Nam_2025_làm_nàng_thơ_áo_dài.jpg to device at /sdcard/Download/3_nhan_sắc_Hoa_hậu_Đại_dương_Việt_Nam_2025_làm_nàng_thơ_áo_dài.jpg
2026-03-21 09:01:01,522 - src.android_auto - INFO - Opening YouTube app...
2026-03-21 09:01:18,813 - src.android_auto - INFO - Clicking Create (+) button...
2026-03-21 09:01:18,881 - src.android_auto - ERROR - Error during UI automation: device offline
2026-03-21 09:01:18,882 - __main__ - ERROR - Failed to upload 3_nhan_sắc_Hoa_hậu_Đại_dương_Việt_Nam_2025_làm_nàng_thơ_áo_dài.jpg
2026-03-21 09:01:18,885 - __main__ - INFO - Processing new image: 4_khung_giờ_vàng_trong_ngày_để_học_tiếng_Anh_hiệu_quả_nhất.jpg
2026-03-21 09:01:18,885 - src.android_auto - INFO - Transferring /Users/nguyenquocbao/Developer/auto-upload/temp/4_khung_giờ_vàng_trong_ngày_để_học_tiếng_Anh_hiệu_quả_nhất.jpg to device at /sdcard/Download/4_khung_giờ_vàng_trong_ngày_để_học_tiếng_Anh_hiệu_quả_nhất.jpg
2026-03-21 09:01:18,897 - src.android_auto - ERROR - Error during UI automation: device offline
2026-03-21 09:01:18,898 - __main__ - ERROR - Failed to upload 4_khung_giờ_vàng_trong_ngày_để_học_tiếng_Anh_hiệu_quả_nhất.jpg
2026-03-21 09:01:18,899 - __main__ - INFO - Processing new image: 4_người_tấn_công_đôi_nam_nữ_giữa_đường_ở_TPHCM.jpg
2026-03-21 09:01:18,899 - src.android_auto - INFO - Transferring /Users/nguyenquocbao/Developer/auto-upload/temp/4_người_tấn_công_đôi_nam_nữ_giữa_đường_ở_TPHCM.jpg to device at /sdcard/Download/4_người_tấn_công_đôi_nam_nữ_giữa_đường_ở_TPHCM.jpg
2026-03-21 09:01:18,912 - src.android_auto - ERROR - Error during UI automation: device offline
2026-03-21 09:01:18,912 - __main__ - ERROR - Failed to upload 4_người_tấn_công_đôi_nam_nữ_giữa_đường_ở_TPHCM.jpg
2026-03-21 09:01:18,914 - __main__ - INFO - Processing new image: 4_phương_pháp_điều_trị_rò_hậu_môn.jpg
2026-03-21 09:01:18,914 - src.android_auto - INFO - Transferring /Users/nguyenquocbao/Developer/auto-upload/temp/4_phương_pháp_điều_trị_rò_hậu_môn.jpg to device at /sdcard/Download/4_phương_pháp_điều_trị_rò_hậu_môn.jpg
2026-03-21 09:01:18,927 - src.android_auto - ERROR - Error during UI automation: device offline
2026-03-21 09:01:18,927 - __main__ - ERROR - Failed to upload 4_phương_pháp_điều_trị_rò_hậu_môn.jpg
2026-03-21 09:01:18,927 - __main__ - INFO - ====================================
2026-03-21 09:01:18,927 - __main__ - INFO - Auto Upload Process Completed
2026-03-21 09:01:18,927 - __main__ - INFO - Total processed: 5
2026-03-21 09:01:18,927 - __main__ - INFO - Success: 0, Skipped (duplicate): 0, Failed: 5
2026-03-21 09:01:18,927 - __main__ - INFO - ====================================
2026-03-21 09:05:06,908 - __main__ - INFO - Starting Auto Upload Shorts CLI
2026-03-21 09:05:06,911 - src.db_manager - INFO - Database initialized and connected at history.sqlite
2026-03-21 09:05:06,911 - src.device - INFO - Connecting to Android device/emulator at 127.0.0.1:5555 (attempt 1/3)…
2026-03-21 09:05:08,283 - src.device - WARNING - uiautomator2.healthcheck() not available; proceeded after info() ping.
2026-03-21 09:05:08,285 - __main__ - INFO - Loaded 5 images from local dir: /Users/nguyenquocbao/Developer/auto-upload/temp
2026-03-21 09:05:08,287 - __main__ - INFO - Processing new image: 2_tháng_Cần_Thơ_thu_2600_tỷ_đồng_từ_xổ_số.jpg
2026-03-21 09:05:08,288 - src.android_auto - INFO - Transferring /Users/nguyenquocbao/Developer/auto-upload/temp/2_tháng_Cần_Thơ_thu_2600_tỷ_đồng_từ_xổ_số.jpg to device at /sdcard/Download/2_tháng_Cần_Thơ_thu_2600_tỷ_đồng_từ_xổ_số.jpg
2026-03-21 09:05:08,536 - src.android_auto - INFO - Opening YouTube app...
2026-03-21 09:05:18,525 - src.android_auto - INFO - Clicking Create (+) button...
2026-03-21 09:05:24,803 - src.android_auto - INFO - Clicking 'Create a Short'...
2026-03-21 09:05:27,083 - src.android_auto - INFO - Picking image from gallery...
2026-03-21 09:05:36,684 - src.android_auto - INFO - Selecting the recent image...
2026-03-21 09:05:42,289 - src.android_auto - INFO - Clicking Done/Next after selection...
2026-03-21 09:05:46,269 - src.android_auto - INFO - Adding trending music...
2026-03-21 09:05:49,748 - src.android_auto - INFO - Adding caption: Cùng nghe nhạc chil nào
2026-03-21 09:05:52,848 - src.android_auto - INFO - Clicking 'Upload Short'...
2026-03-21 09:05:56,016 - src.android_auto - ERROR - Could not find Upload button.
2026-03-21 09:05:56,016 - __main__ - ERROR - Failed to upload 2_tháng_Cần_Thơ_thu_2600_tỷ_đồng_từ_xổ_số.jpg
2026-03-21 09:05:56,032 - __main__ - INFO - Processing new image: 3_nhan_sắc_Hoa_hậu_Đại_dương_Việt_Nam_2025_làm_nàng_thơ_áo_dài.jpg
2026-03-21 09:05:56,033 - src.android_auto - INFO - Transferring /Users/nguyenquocbao/Developer/auto-upload/temp/3_nhan_sắc_Hoa_hậu_Đại_dương_Việt_Nam_2025_làm_nàng_thơ_áo_dài.jpg to device at /sdcard/Download/3_nhan_sắc_Hoa_hậu_Đại_dương_Việt_Nam_2025_làm_nàng_thơ_áo_dài.jpg
2026-03-21 09:05:56,184 - src.android_auto - INFO - Opening YouTube app...
2026-03-21 09:06:06,161 - src.android_auto - INFO - Clicking Create (+) button...
2026-03-21 09:06:14,369 - src.android_auto - ERROR - Could not find Create button.
2026-03-21 09:06:14,370 - __main__ - ERROR - Failed to upload 3_nhan_sắc_Hoa_hậu_Đại_dương_Việt_Nam_2025_làm_nàng_thơ_áo_dài.jpg
2026-03-21 09:06:14,373 - __main__ - INFO - Processing new image: 4_khung_giờ_vàng_trong_ngày_để_học_tiếng_Anh_hiệu_quả_nhất.jpg
2026-03-21 09:06:14,373 - src.android_auto - INFO - Transferring /Users/nguyenquocbao/Developer/auto-upload/temp/4_khung_giờ_vàng_trong_ngày_để_học_tiếng_Anh_hiệu_quả_nhất.jpg to device at /sdcard/Download/4_khung_giờ_vàng_trong_ngày_để_học_tiếng_Anh_hiệu_quả_nhất.jpg
2026-03-21 09:06:14,515 - src.android_auto - INFO - Opening YouTube app...
2026-03-21 09:06:24,509 - src.android_auto - INFO - Clicking Create (+) button...
2026-03-21 09:06:33,090 - src.android_auto - ERROR - Could not find Create button.
2026-03-21 09:06:33,091 - __main__ - ERROR - Failed to upload 4_khung_giờ_vàng_trong_ngày_để_học_tiếng_Anh_hiệu_quả_nhất.jpg
2026-03-21 09:06:33,102 - __main__ - INFO - Processing new image: 4_người_tấn_công_đôi_nam_nữ_giữa_đường_ở_TPHCM.jpg
2026-03-21 09:06:33,102 - src.android_auto - INFO - Transferring /Users/nguyenquocbao/Developer/auto-upload/temp/4_người_tấn_công_đôi_nam_nữ_giữa_đường_ở_TPHCM.jpg to device at /sdcard/Download/4_người_tấn_công_đôi_nam_nữ_giữa_đường_ở_TPHCM.jpg
2026-03-21 09:06:33,229 - src.android_auto - INFO - Opening YouTube app...
2026-03-21 09:06:43,537 - src.android_auto - INFO - Clicking Create (+) button...
2026-03-21 09:06:49,693 - src.android_auto - INFO - Clicking 'Create a Short'...
2026-03-21 09:06:53,553 - src.android_auto - INFO - Picking image from gallery...
2026-03-21 09:07:07,572 - __main__ - INFO - Starting Auto Upload Shorts CLI
2026-03-21 09:07:07,574 - src.db_manager - INFO - Database initialized and connected at history.sqlite
2026-03-21 09:07:07,574 - src.device - INFO - Connecting to Android device/emulator at 127.0.0.1:5555 (attempt 1/3)…
2026-03-21 09:07:08,859 - src.device - WARNING - uiautomator2.healthcheck() not available; proceeded after info() ping.
2026-03-21 09:07:08,860 - __main__ - INFO - Loaded 5 images from local dir: /Users/nguyenquocbao/Developer/auto-upload/temp
2026-03-21 09:07:08,861 - __main__ - INFO - Processing new image: 2_tháng_Cần_Thơ_thu_2600_tỷ_đồng_từ_xổ_số.jpg
2026-03-21 09:07:08,861 - src.android_auto - INFO - Transferring /Users/nguyenquocbao/Developer/auto-upload/temp/2_tháng_Cần_Thơ_thu_2600_tỷ_đồng_từ_xổ_số.jpg to device at /sdcard/Download/2_tháng_Cần_Thơ_thu_2600_tỷ_đồng_từ_xổ_số.jpg
2026-03-21 09:07:08,945 - src.android_auto - INFO - Opening YouTube app...
2026-03-21 09:07:18,818 - src.android_auto - INFO - Clicking Create (+) button...
2026-03-21 09:08:25,601 - src.android_auto - INFO - Clicking 'Create a Short'...
2026-03-21 09:10:51,911 - __main__ - INFO - Starting Auto Upload Shorts CLI
2026-03-21 09:10:51,915 - src.db_manager - INFO - Database initialized and connected at history.sqlite
2026-03-21 09:10:51,915 - src.device - INFO - Connecting to Android device/emulator at 127.0.0.1:5555 (attempt 1/3)…
2026-03-21 09:10:51,932 - src.device - WARNING - Connect/healthcheck failed: No adb exe could be found. Install adb on your system
2026-03-21 09:10:53,938 - src.device - INFO - Connecting to Android device/emulator at 127.0.0.1:5555 (attempt 2/3)…
2026-03-21 09:10:53,942 - src.device - WARNING - Connect/healthcheck failed: No adb exe could be found. Install adb on your system
2026-03-21 09:10:57,944 - src.device - INFO - Connecting to Android device/emulator at 127.0.0.1:5555 (attempt 3/3)…
2026-03-21 09:10:57,945 - src.device - WARNING - Connect/healthcheck failed: No adb exe could be found. Install adb on your system
2026-03-21 09:10:57,945 - __main__ - ERROR - Could not connect to Android device/emulator. Stop.
2026-03-21 09:11:10,417 - __main__ - INFO - Starting Auto Upload Shorts CLI
2026-03-21 09:11:10,421 - src.db_manager - INFO - Database initialized and connected at history.sqlite
2026-03-21 09:11:10,421 - src.device - INFO - Connecting to Android device/emulator at 127.0.0.1:5555 (attempt 1/3)…
2026-03-21 09:11:10,421 - src.device - WARNING - Connect/healthcheck failed: No adb exe could be found. Install adb on your system
2026-03-21 09:11:12,423 - src.device - INFO - Connecting to Android device/emulator at 127.0.0.1:5555 (attempt 2/3)…
2026-03-21 09:11:12,425 - src.device - WARNING - Connect/healthcheck failed: No adb exe could be found. Install adb on your system
2026-03-21 09:11:16,430 - src.device - INFO - Connecting to Android device/emulator at 127.0.0.1:5555 (attempt 3/3)…
2026-03-21 09:11:16,433 - src.device - WARNING - Connect/healthcheck failed: No adb exe could be found. Install adb on your system
2026-03-21 09:11:16,433 - __main__ - ERROR - Could not connect to Android device/emulator. Stop.
2026-03-21 09:13:30,528 - __main__ - INFO - Starting Auto Upload Shorts CLI
2026-03-21 09:13:30,528 - __main__ - INFO - Mode: DRY-RUN (Will not tap final Upload button)
2026-03-21 09:13:30,531 - src.db_manager - INFO - Database initialized and connected at history.sqlite
2026-03-21 09:13:30,531 - src.device - INFO - Connecting to Android device/emulator at 127.0.0.1:5555 (attempt 1/3)…
2026-03-21 09:13:30,532 - src.device - WARNING - Connect/healthcheck failed: No adb exe could be found. Install adb on your system
2026-03-21 09:13:32,537 - src.device - INFO - Connecting to Android device/emulator at 127.0.0.1:5555 (attempt 2/3)…
2026-03-21 09:13:32,540 - src.device - WARNING - Connect/healthcheck failed: No adb exe could be found. Install adb on your system
2026-03-21 09:13:36,542 - src.device - INFO - Connecting to Android device/emulator at 127.0.0.1:5555 (attempt 3/3)…
2026-03-21 09:13:36,545 - src.device - WARNING - Connect/healthcheck failed: No adb exe could be found. Install adb on your system
2026-03-21 09:13:36,546 - __main__ - ERROR - Could not connect to Android device/emulator. Stop.
2026-03-21 09:16:44,793 - __main__ - INFO - Starting Auto Upload Shorts CLI
2026-03-21 09:16:44,793 - __main__ - INFO - Mode: DRY-RUN (Will not tap final Upload button)
2026-03-21 09:16:44,795 - src.db_manager - INFO - Database initialized and connected at history.sqlite
2026-03-21 09:16:44,795 - src.device - INFO - Connecting to Android device/emulator at 127.0.0.1:5555 (attempt 1/3)…
2026-03-21 09:16:49,265 - src.device - WARNING - uiautomator2.healthcheck() not available; proceeded after info() ping.
2026-03-21 09:16:49,267 - __main__ - INFO - Loaded 5 images from local dir: /Users/nguyenquocbao/Developer/auto-upload/temp
2026-03-21 09:16:49,269 - __main__ - INFO - Processing new image: 2_tháng_Cần_Thơ_thu_2600_tỷ_đồng_từ_xổ_số.jpg
2026-03-21 09:16:49,269 - src.android_auto - INFO - Transferring /Users/nguyenquocbao/Developer/auto-upload/temp/2_tháng_Cần_Thơ_thu_2600_tỷ_đồng_từ_xổ_số.jpg to device at /sdcard/Download/2_tháng_Cần_Thơ_thu_2600_tỷ_đồng_từ_xổ_số.jpg
2026-03-21 09:16:49,513 - src.android_auto - INFO - Opening YouTube app...
2026-03-21 09:16:59,549 - src.android_auto - INFO - Clicking Create (+) button...
2026-03-21 09:17:06,417 - src.android_auto - INFO - Clicking 'Create a Short'...
2026-03-21 09:17:08,709 - src.android_auto - INFO - Picking image from gallery...
2026-03-21 09:17:18,475 - src.android_auto - INFO - Selecting the recent image...
2026-03-21 09:17:23,873 - src.android_auto - INFO - Clicking Done/Next after selection...
2026-03-21 09:17:29,046 - src.android_auto - INFO - Clicking Done/Next after selection...
2026-03-21 09:17:32,242 - src.android_auto - INFO - Adding trending music...
2026-03-21 09:17:35,671 - src.android_auto - INFO - Adding caption: Cùng nghe nhạc chil nào
2026-03-21 09:17:38,774 - src.android_auto - INFO - DRY RUN: Skipping the final Upload button click.
2026-03-21 09:17:38,777 - __main__ - INFO - Cleaned up local file: 2_tháng_Cần_Thơ_thu_2600_tỷ_đồng_từ_xổ_số.jpg
2026-03-21 09:17:38,782 - __main__ - INFO - Processing new image: 3_nhan_sắc_Hoa_hậu_Đại_dương_Việt_Nam_2025_làm_nàng_thơ_áo_dài.jpg
2026-03-21 09:17:38,782 - src.android_auto - INFO - Transferring /Users/nguyenquocbao/Developer/auto-upload/temp/3_nhan_sắc_Hoa_hậu_Đại_dương_Việt_Nam_2025_làm_nàng_thơ_áo_dài.jpg to device at /sdcard/Download/3_nhan_sắc_Hoa_hậu_Đại_dương_Việt_Nam_2025_làm_nàng_thơ_áo_dài.jpg
2026-03-21 09:17:39,073 - src.android_auto - INFO - Opening YouTube app...
2026-03-21 09:17:49,404 - src.android_auto - INFO - Clicking Create (+) button...
2026-03-21 09:17:57,656 - src.android_auto - ERROR - Could not find Create button.
2026-03-21 09:17:57,658 - __main__ - ERROR - Failed to upload 3_nhan_sắc_Hoa_hậu_Đại_dương_Việt_Nam_2025_làm_nàng_thơ_áo_dài.jpg
2026-03-21 09:17:57,661 - __main__ - INFO - Processing new image: 4_khung_giờ_vàng_trong_ngày_để_học_tiếng_Anh_hiệu_quả_nhất.jpg
2026-03-21 09:17:57,662 - src.android_auto - INFO - Transferring /Users/nguyenquocbao/Developer/auto-upload/temp/4_khung_giờ_vàng_trong_ngày_để_học_tiếng_Anh_hiệu_quả_nhất.jpg to device at /sdcard/Download/4_khung_giờ_vàng_trong_ngày_để_học_tiếng_Anh_hiệu_quả_nhất.jpg
2026-03-21 09:17:57,754 - src.android_auto - INFO - Opening YouTube app...
2026-03-21 09:18:07,636 - src.android_auto - INFO - Clicking Create (+) button...
2026-03-21 09:20:24,647 - __main__ - INFO - Starting Auto Upload Shorts CLI
2026-03-21 09:20:24,647 - __main__ - INFO - Mode: DRY-RUN (Will not tap final Upload button)
2026-03-21 09:20:24,650 - src.db_manager - INFO - Database initialized and connected at history.sqlite
2026-03-21 09:20:24,650 - src.device - INFO - Connecting to Android device/emulator at 127.0.0.1:5555 (attempt 1/3)…
2026-03-21 09:20:25,472 - src.device - WARNING - uiautomator2.healthcheck() not available; proceeded after info() ping.
2026-03-21 09:20:25,474 - __main__ - INFO - Loaded 5 images from local dir: /Users/nguyenquocbao/Developer/auto-upload/temp
2026-03-21 09:20:25,477 - __main__ - INFO - Processing new image: 3_nhan_sắc_Hoa_hậu_Đại_dương_Việt_Nam_2025_làm_nàng_thơ_áo_dài.jpg
2026-03-21 09:20:25,477 - src.android_auto - INFO - Transferring /Users/nguyenquocbao/Developer/auto-upload/temp/3_nhan_sắc_Hoa_hậu_Đại_dương_Việt_Nam_2025_làm_nàng_thơ_áo_dài.jpg to device at /sdcard/Download/3_nhan_sắc_Hoa_hậu_Đại_dương_Việt_Nam_2025_làm_nàng_thơ_áo_dài.jpg
2026-03-21 09:20:25,563 - src.android_auto - INFO - Opening YouTube app...
2026-03-21 09:20:35,070 - src.android_auto - INFO - Clicking Create (+) button...
2026-03-21 09:21:41,892 - src.android_auto - INFO - Clicking 'Create a Short'...
2026-03-21 09:22:02,303 - src.android_auto - ERROR - Could not find 'Create a Short' button.
2026-03-21 09:22:02,304 - __main__ - ERROR - Failed to upload 3_nhan_sắc_Hoa_hậu_Đại_dương_Việt_Nam_2025_làm_nàng_thơ_áo_dài.jpg
2026-03-21 09:22:02,308 - __main__ - INFO - Processing new image: 4_khung_giờ_vàng_trong_ngày_để_học_tiếng_Anh_hiệu_quả_nhất.jpg
2026-03-21 09:22:02,308 - src.android_auto - INFO - Transferring /Users/nguyenquocbao/Developer/auto-upload/temp/4_khung_giờ_vàng_trong_ngày_để_học_tiếng_Anh_hiệu_quả_nhất.jpg to device at /sdcard/Download/4_khung_giờ_vàng_trong_ngày_để_học_tiếng_Anh_hiệu_quả_nhất.jpg
2026-03-21 09:22:02,466 - src.android_auto - INFO - Opening YouTube app...
2026-03-21 09:23:55,762 - __main__ - INFO - Starting Auto Upload Shorts CLI
2026-03-21 09:23:55,763 - __main__ - INFO - Mode: DRY-RUN (Will not tap final Upload button)
2026-03-21 09:23:55,766 - src.db_manager - INFO - Database initialized and connected at history.sqlite
2026-03-21 09:23:55,766 - src.device - INFO - Connecting to Android device/emulator at 127.0.0.1:5555 (attempt 1/3)…
2026-03-21 09:23:55,806 - src.device - WARNING - Connect/healthcheck failed: closed
2026-03-21 09:23:57,811 - src.device - INFO - Connecting to Android device/emulator at 127.0.0.1:5555 (attempt 2/3)…
2026-03-21 09:23:59,141 - src.device - WARNING - uiautomator2.healthcheck() not available; proceeded after info() ping.
2026-03-21 09:23:59,143 - __main__ - INFO - Loaded 5 images from local dir: /Users/nguyenquocbao/Developer/auto-upload/temp
2026-03-21 09:23:59,146 - __main__ - INFO - Processing new image: 3_nhan_sắc_Hoa_hậu_Đại_dương_Việt_Nam_2025_làm_nàng_thơ_áo_dài.jpg
2026-03-21 09:23:59,146 - src.android_auto - INFO - Transferring /Users/nguyenquocbao/Developer/auto-upload/temp/3_nhan_sắc_Hoa_hậu_Đại_dương_Việt_Nam_2025_làm_nàng_thơ_áo_dài.jpg to device at /sdcard/Download/3_nhan_sắc_Hoa_hậu_Đại_dương_Việt_Nam_2025_làm_nàng_thơ_áo_dài.jpg
2026-03-21 09:23:59,376 - src.android_auto - INFO - Opening YouTube app...
2026-03-21 09:24:09,307 - src.android_auto - INFO - Clicking Create (+) button...
2026-03-21 09:24:15,437 - src.android_auto - INFO - Clicking 'Create a Short'...
2026-03-21 09:24:17,685 - src.android_auto - INFO - Picking image from gallery...
2026-03-21 09:24:27,164 - src.android_auto - INFO - Selecting the recent image...
2026-03-21 09:24:32,618 - src.android_auto - INFO - Clicking Done/Next after selection...
2026-03-21 09:24:37,771 - src.android_auto - INFO - Clicking Done/Next after selection...
2026-03-21 09:24:40,922 - src.android_auto - INFO - Adding trending music...
2026-03-21 09:24:42,018 - src.android_auto - ERROR - Error during UI automation: name 'textContains' is not defined
2026-03-21 09:24:42,019 - __main__ - ERROR - Failed to upload 3_nhan_sắc_Hoa_hậu_Đại_dương_Việt_Nam_2025_làm_nàng_thơ_áo_dài.jpg
2026-03-21 09:24:42,022 - __main__ - INFO - Processing new image: 4_khung_giờ_vàng_trong_ngày_để_học_tiếng_Anh_hiệu_quả_nhất.jpg
2026-03-21 09:24:42,023 - src.android_auto - INFO - Transferring /Users/nguyenquocbao/Developer/auto-upload/temp/4_khung_giờ_vàng_trong_ngày_để_học_tiếng_Anh_hiệu_quả_nhất.jpg to device at /sdcard/Download/4_khung_giờ_vàng_trong_ngày_để_học_tiếng_Anh_hiệu_quả_nhất.jpg
2026-03-21 09:24:42,310 - src.android_auto - INFO - Opening YouTube app...
2026-03-21 09:24:52,518 - src.android_auto - INFO - Clicking Create (+) button...
2026-03-21 09:25:09,068 - src.android_auto - INFO - Clicking 'Create a Short'...
2026-03-21 09:25:14,218 - src.android_auto - ERROR - Could not find 'Create a Short' button.
2026-03-21 09:25:14,219 - __main__ - ERROR - Failed to upload 4_khung_giờ_vàng_trong_ngày_để_học_tiếng_Anh_hiệu_quả_nhất.jpg
2026-03-21 09:25:14,222 - __main__ - INFO - Processing new image: 4_người_tấn_công_đôi_nam_nữ_giữa_đường_ở_TPHCM.jpg
2026-03-21 09:25:14,222 - src.android_auto - INFO - Transferring /Users/nguyenquocbao/Developer/auto-upload/temp/4_người_tấn_công_đôi_nam_nữ_giữa_đường_ở_TPHCM.jpg to device at /sdcard/Download/4_người_tấn_công_đôi_nam_nữ_giữa_đường_ở_TPHCM.jpg
2026-03-21 09:25:14,334 - src.android_auto - INFO - Opening YouTube app...
2026-03-21 09:25:21,391 - src.android_auto - INFO - Closing popup by clicking: Close
2026-03-21 09:25:24,932 - src.android_auto - INFO - Clicking Create (+) button...
2026-03-21 09:28:52,040 - __main__ - INFO - Starting Auto Upload Shorts CLI
2026-03-21 09:28:52,043 - src.db_manager - INFO - Database initialized and connected at history.sqlite
2026-03-21 09:28:52,043 - src.device - INFO - Connecting to Android device/emulator at 127.0.0.1:5555 (attempt 1/3)…
2026-03-21 09:28:52,080 - src.device - WARNING - Connect/healthcheck failed: closed
2026-03-21 09:28:54,084 - src.device - INFO - Connecting to Android device/emulator at 127.0.0.1:5555 (attempt 2/3)…
2026-03-21 09:28:55,358 - src.device - WARNING - uiautomator2.healthcheck() not available; proceeded after info() ping.
2026-03-21 09:28:55,359 - __main__ - INFO - Loaded 5 images from local dir: /Users/nguyenquocbao/Developer/auto-upload/temp
2026-03-21 09:28:55,361 - __main__ - INFO - Processing new image: 3_nhan_sắc_Hoa_hậu_Đại_dương_Việt_Nam_2025_làm_nàng_thơ_áo_dài.jpg
2026-03-21 09:28:55,361 - src.android_auto - INFO - Transferring /Users/nguyenquocbao/Developer/auto-upload/temp/3_nhan_sắc_Hoa_hậu_Đại_dương_Việt_Nam_2025_làm_nàng_thơ_áo_dài.jpg to device at /sdcard/Download/3_nhan_sắc_Hoa_hậu_Đại_dương_Việt_Nam_2025_làm_nàng_thơ_áo_dài.jpg
2026-03-21 09:28:55,594 - src.android_auto - INFO - Opening YouTube app...
2026-03-21 09:29:05,399 - src.android_auto - INFO - Clicking Create (+) button...
2026-03-21 09:30:27,543 - __main__ - INFO - Starting Auto Upload Shorts CLI
2026-03-21 09:30:27,547 - src.db_manager - INFO - Database initialized and connected at history.sqlite
2026-03-21 09:30:27,547 - src.device - INFO - Connecting to Android device/emulator at 127.0.0.1:5555 (attempt 1/3)…
2026-03-21 09:30:27,591 - src.device - WARNING - Connect/healthcheck failed: closed
2026-03-21 09:30:29,593 - src.device - INFO - Connecting to Android device/emulator at 127.0.0.1:5555 (attempt 2/3)…
2026-03-21 09:30:31,426 - src.device - WARNING - uiautomator2.healthcheck() not available; proceeded after info() ping.
2026-03-21 09:30:31,428 - __main__ - INFO - Loaded 5 images from local dir: /Users/nguyenquocbao/Developer/auto-upload/temp
2026-03-21 09:30:31,431 - __main__ - INFO - Processing new image: 3_nhan_sắc_Hoa_hậu_Đại_dương_Việt_Nam_2025_làm_nàng_thơ_áo_dài.jpg
2026-03-21 09:30:31,431 - src.android_auto - INFO - Transferring /Users/nguyenquocbao/Developer/auto-upload/temp/3_nhan_sắc_Hoa_hậu_Đại_dương_Việt_Nam_2025_làm_nàng_thơ_áo_dài.jpg to device at /sdcard/Download/3_nhan_sắc_Hoa_hậu_Đại_dương_Việt_Nam_2025_làm_nàng_thơ_áo_dài.jpg
2026-03-21 09:30:31,684 - src.android_auto - INFO - Opening YouTube app...
2026-03-21 09:30:41,577 - src.android_auto - INFO - Clicking Create (+) button...
2026-03-21 09:30:48,642 - src.android_auto - INFO - Clicking 'Create a Short'...
2026-03-21 09:30:50,914 - src.android_auto - INFO - Picking image from gallery...
2026-03-21 09:31:00,388 - src.android_auto - INFO - Selecting the recent image...
2026-03-21 09:31:05,816 - src.android_auto - INFO - Clicking Done/Next after selection...
2026-03-21 09:31:08,122 - src.android_auto - INFO - Clicking Done/Next after selection...
2026-03-21 09:31:09,211 - src.android_auto - INFO - Adding trending music...
2026-03-21 09:31:11,186 - src.android_auto - ERROR - Error during UI automation: name 'textContains' is not defined
2026-03-21 09:31:11,187 - __main__ - ERROR - Failed to upload 3_nhan_sắc_Hoa_hậu_Đại_dương_Việt_Nam_2025_làm_nàng_thơ_áo_dài.jpg
2026-03-21 09:31:11,190 - __main__ - INFO - Processing new image: 4_khung_giờ_vàng_trong_ngày_để_học_tiếng_Anh_hiệu_quả_nhất.jpg
2026-03-21 09:31:11,190 - src.android_auto - INFO - Transferring /Users/nguyenquocbao/Developer/auto-upload/temp/4_khung_giờ_vàng_trong_ngày_để_học_tiếng_Anh_hiệu_quả_nhất.jpg to device at /sdcard/Download/4_khung_giờ_vàng_trong_ngày_để_học_tiếng_Anh_hiệu_quả_nhất.jpg
2026-03-21 09:31:11,399 - src.android_auto - INFO - Opening YouTube app...
2026-03-21 09:31:21,264 - src.android_auto - INFO - Clicking Create (+) button...
2026-03-21 09:31:29,412 - src.android_auto - ERROR - Could not find Create button.
2026-03-21 09:31:29,415 - __main__ - ERROR - Failed to upload 4_khung_giờ_vàng_trong_ngày_để_học_tiếng_Anh_hiệu_quả_nhất.jpg
2026-03-21 09:31:29,420 - __main__ - INFO - Processing new image: 4_người_tấn_công_đôi_nam_nữ_giữa_đường_ở_TPHCM.jpg
2026-03-21 09:31:29,421 - src.android_auto - INFO - Transferring /Users/nguyenquocbao/Developer/auto-upload/temp/4_người_tấn_công_đôi_nam_nữ_giữa_đường_ở_TPHCM.jpg to device at /sdcard/Download/4_người_tấn_công_đôi_nam_nữ_giữa_đường_ở_TPHCM.jpg
2026-03-21 09:31:29,535 - src.android_auto - INFO - Opening YouTube app...
2026-03-21 09:31:39,707 - src.android_auto - INFO - Clicking Create (+) button...
2026-03-21 09:31:47,947 - src.android_auto - ERROR - Could not find Create button.
2026-03-21 09:31:47,948 - __main__ - ERROR - Failed to upload 4_người_tấn_công_đôi_nam_nữ_giữa_đường_ở_TPHCM.jpg
2026-03-21 09:31:47,951 - __main__ - INFO - Processing new image: 4_phương_pháp_điều_trị_rò_hậu_môn.jpg
2026-03-21 09:31:47,951 - src.android_auto - INFO - Transferring /Users/nguyenquocbao/Developer/auto-upload/temp/4_phương_pháp_điều_trị_rò_hậu_môn.jpg to device at /sdcard/Download/4_phương_pháp_điều_trị_rò_hậu_môn.jpg
2026-03-21 09:31:48,087 - src.android_auto - INFO - Opening YouTube app...
2026-03-21 09:31:57,672 - src.android_auto - INFO - Clicking Create (+) button...
2026-03-21 09:32:05,154 - src.android_auto - INFO - Clicking 'Create a Short'...
2026-03-21 09:41:28,580 - __main__ - INFO - Starting Auto Upload Shorts CLI
2026-03-21 09:41:28,580 - __main__ - INFO - Mode: DRY-RUN (Will not tap final Upload button)
2026-03-21 09:41:28,583 - src.db_manager - INFO - Database initialized and connected at history.sqlite
2026-03-21 09:41:28,583 - src.device - INFO - Connecting to Android device/emulator at 127.0.0.1:5555 (attempt 1/3)…
2026-03-21 09:41:28,621 - src.device - WARNING - Connect/healthcheck failed: closed
2026-03-21 09:41:30,626 - src.device - INFO - Connecting to Android device/emulator at 127.0.0.1:5555 (attempt 2/3)…
2026-03-21 09:41:31,922 - src.device - WARNING - uiautomator2.healthcheck() not available; proceeded after info() ping.
2026-03-21 09:41:31,923 - __main__ - INFO - Loaded 0 images from local dir: /path/to/images
2026-03-21 09:41:31,924 - __main__ - INFO - No valid images found. Exiting.
2026-03-21 09:42:03,286 - __main__ - INFO - Starting Auto Upload Shorts CLI
2026-03-21 09:42:03,286 - __main__ - INFO - Mode: DRY-RUN (Will not tap final Upload button)
2026-03-21 09:42:03,290 - src.db_manager - INFO - Database initialized and connected at history.sqlite
2026-03-21 09:42:03,290 - src.device - INFO - Connecting to Android device/emulator at 127.0.0.1:5555 (attempt 1/3)…
2026-03-21 09:42:04,623 - src.device - WARNING - uiautomator2.healthcheck() not available; proceeded after info() ping.
2026-03-21 09:42:04,625 - __main__ - INFO - Loaded 0 images from local dir: Users/nguyenquocbao/Developer/auto-upload/temp
2026-03-21 09:42:04,626 - __main__ - INFO - No valid images found. Exiting.
2026-03-21 09:42:42,687 - __main__ - INFO - Starting Auto Upload Shorts CLI
2026-03-21 09:42:42,687 - __main__ - INFO - Mode: DRY-RUN (Will not tap final Upload button)
2026-03-21 09:42:42,690 - src.db_manager - INFO - Database initialized and connected at history.sqlite
2026-03-21 09:42:42,690 - src.device - INFO - Connecting to Android device/emulator at 127.0.0.1:5555 (attempt 1/3)…
2026-03-21 09:42:44,729 - src.device - WARNING - uiautomator2.healthcheck() not available; proceeded after info() ping.
2026-03-21 09:42:44,733 - __main__ - INFO - Loaded 5 images from local dir: /Users/nguyenquocbao/Developer/auto-upload/temp
2026-03-21 09:42:44,737 - __main__ - INFO - Processing new image: 3_nhan_sắc_Hoa_hậu_Đại_dương_Việt_Nam_2025_làm_nàng_thơ_áo_dài.jpg
2026-03-21 09:42:44,737 - src.android_auto - INFO - Transferring /Users/nguyenquocbao/Developer/auto-upload/temp/3_nhan_sắc_Hoa_hậu_Đại_dương_Việt_Nam_2025_làm_nàng_thơ_áo_dài.jpg to device at /sdcard/Download/3_nhan_sắc_Hoa_hậu_Đại_dương_Việt_Nam_2025_làm_nàng_thơ_áo_dài.jpg
2026-03-21 09:42:45,141 - src.android_auto - INFO - Opening YouTube app...
2026-03-21 09:42:55,825 - src.android_auto - INFO - Clicking Create (+) button with self-heal…
2026-03-21 09:42:55,828 - src.android_auto - ERROR - Error during UI automation: name 'descriptionContains' is not defined
2026-03-21 09:42:55,828 - __main__ - ERROR - Failed to upload 3_nhan_sắc_Hoa_hậu_Đại_dương_Việt_Nam_2025_làm_nàng_thơ_áo_dài.jpg
2026-03-21 09:42:55,833 - __main__ - INFO - Processing new image: 4_khung_giờ_vàng_trong_ngày_để_học_tiếng_Anh_hiệu_quả_nhất.jpg
2026-03-21 09:42:55,833 - src.android_auto - INFO - Transferring /Users/nguyenquocbao/Developer/auto-upload/temp/4_khung_giờ_vàng_trong_ngày_để_học_tiếng_Anh_hiệu_quả_nhất.jpg to device at /sdcard/Download/4_khung_giờ_vàng_trong_ngày_để_học_tiếng_Anh_hiệu_quả_nhất.jpg
2026-03-21 09:42:55,988 - src.android_auto - INFO - Opening YouTube app...
2026-03-21 09:43:06,118 - src.android_auto - INFO - Clicking Create (+) button with self-heal…
2026-03-21 09:43:06,121 - src.android_auto - ERROR - Error during UI automation: name 'descriptionContains' is not defined
2026-03-21 09:43:06,121 - __main__ - ERROR - Failed to upload 4_khung_giờ_vàng_trong_ngày_để_học_tiếng_Anh_hiệu_quả_nhất.jpg
2026-03-21 09:43:06,123 - __main__ - INFO - Processing new image: 4_người_tấn_công_đôi_nam_nữ_giữa_đường_ở_TPHCM.jpg
2026-03-21 09:43:06,124 - src.android_auto - INFO - Transferring /Users/nguyenquocbao/Developer/auto-upload/temp/4_người_tấn_công_đôi_nam_nữ_giữa_đường_ở_TPHCM.jpg to device at /sdcard/Download/4_người_tấn_công_đôi_nam_nữ_giữa_đường_ở_TPHCM.jpg
2026-03-21 09:43:06,243 - src.android_auto - INFO - Opening YouTube app...
2026-03-21 09:43:16,256 - src.android_auto - INFO - Clicking Create (+) button with self-heal…
2026-03-21 09:43:16,258 - src.android_auto - ERROR - Error during UI automation: name 'descriptionContains' is not defined
2026-03-21 09:43:16,259 - __main__ - ERROR - Failed to upload 4_người_tấn_công_đôi_nam_nữ_giữa_đường_ở_TPHCM.jpg
2026-03-21 09:43:16,261 - __main__ - INFO - Processing new image: 4_phương_pháp_điều_trị_rò_hậu_môn.jpg
2026-03-21 09:43:16,261 - src.android_auto - INFO - Transferring /Users/nguyenquocbao/Developer/auto-upload/temp/4_phương_pháp_điều_trị_rò_hậu_môn.jpg to device at /sdcard/Download/4_phương_pháp_điều_trị_rò_hậu_môn.jpg
2026-03-21 09:43:16,372 - src.android_auto - INFO - Opening YouTube app...
2026-03-21 09:43:26,027 - src.android_auto - INFO - Clicking Create (+) button with self-heal…
2026-03-21 09:43:26,029 - src.android_auto - ERROR - Error during UI automation: name 'descriptionContains' is not defined
2026-03-21 09:43:26,029 - __main__ - ERROR - Failed to upload 4_phương_pháp_điều_trị_rò_hậu_môn.jpg
2026-03-21 09:43:26,030 - __main__ - INFO - Processing new image: 4_thực_phẩm_có_thể_giảm_nguy_cơ_ung_thư_đại_trực_tràng.jpg
2026-03-21 09:43:26,031 - src.android_auto - INFO - Transferring /Users/nguyenquocbao/Developer/auto-upload/temp/4_thực_phẩm_có_thể_giảm_nguy_cơ_ung_thư_đại_trực_tràng.jpg to device at /sdcard/Download/4_thực_phẩm_có_thể_giảm_nguy_cơ_ung_thư_đại_trực_tràng.jpg
2026-03-21 09:43:26,140 - src.android_auto - INFO - Opening YouTube app...
2026-03-21 09:44:11,044 - __main__ - INFO - Starting Auto Upload Shorts CLI
2026-03-21 09:44:11,045 - __main__ - INFO - Mode: DRY-RUN (Will not tap final Upload button)
2026-03-21 09:44:11,048 - src.db_manager - INFO - Database initialized and connected at history.sqlite
2026-03-21 09:44:11,048 - src.device - INFO - Connecting to Android device/emulator at 127.0.0.1:5555 (attempt 1/3)…
2026-03-21 09:44:11,087 - src.device - WARNING - Connect/healthcheck failed: closed
2026-03-21 09:44:13,093 - src.device - INFO - Connecting to Android device/emulator at 127.0.0.1:5555 (attempt 2/3)…
2026-03-21 09:44:14,997 - src.device - WARNING - uiautomator2.healthcheck() not available; proceeded after info() ping.
2026-03-21 09:44:15,000 - __main__ - INFO - Loaded 5 images from local dir: /Users/nguyenquocbao/Developer/auto-upload/temp
2026-03-21 09:44:15,003 - __main__ - INFO - Processing new image: 3_nhan_sắc_Hoa_hậu_Đại_dương_Việt_Nam_2025_làm_nàng_thơ_áo_dài.jpg
2026-03-21 09:44:15,003 - src.android_auto - INFO - Transferring /Users/nguyenquocbao/Developer/auto-upload/temp/3_nhan_sắc_Hoa_hậu_Đại_dương_Việt_Nam_2025_làm_nàng_thơ_áo_dài.jpg to device at /sdcard/Download/3_nhan_sắc_Hoa_hậu_Đại_dương_Việt_Nam_2025_làm_nàng_thơ_áo_dài.jpg
2026-03-21 09:44:15,261 - src.android_auto - INFO - Opening YouTube app...
2026-03-21 09:44:25,368 - src.android_auto - INFO - Clicking Create (+) button with self-heal…
2026-03-21 09:44:25,370 - src.android_auto - ERROR - Error during UI automation: name 'descriptionContains' is not defined
2026-03-21 09:44:25,370 - __main__ - ERROR - Failed to upload 3_nhan_sắc_Hoa_hậu_Đại_dương_Việt_Nam_2025_làm_nàng_thơ_áo_dài.jpg
2026-03-21 09:44:25,372 - __main__ - INFO - Processing new image: 4_khung_giờ_vàng_trong_ngày_để_học_tiếng_Anh_hiệu_quả_nhất.jpg
2026-03-21 09:44:25,373 - src.android_auto - INFO - Transferring /Users/nguyenquocbao/Developer/auto-upload/temp/4_khung_giờ_vàng_trong_ngày_để_học_tiếng_Anh_hiệu_quả_nhất.jpg to device at /sdcard/Download/4_khung_giờ_vàng_trong_ngày_để_học_tiếng_Anh_hiệu_quả_nhất.jpg
2026-03-21 09:44:25,492 - src.android_auto - INFO - Opening YouTube app...
2026-03-21 09:44:35,229 - src.android_auto - INFO - Clicking Create (+) button with self-heal…
2026-03-21 09:44:35,230 - src.android_auto - ERROR - Error during UI automation: name 'descriptionContains' is not defined
2026-03-21 09:44:35,231 - __main__ - ERROR - Failed to upload 4_khung_giờ_vàng_trong_ngày_để_học_tiếng_Anh_hiệu_quả_nhất.jpg
2026-03-21 09:44:35,235 - __main__ - INFO - Processing new image: 4_người_tấn_công_đôi_nam_nữ_giữa_đường_ở_TPHCM.jpg
2026-03-21 09:44:35,235 - src.android_auto - INFO - Transferring /Users/nguyenquocbao/Developer/auto-upload/temp/4_người_tấn_công_đôi_nam_nữ_giữa_đường_ở_TPHCM.jpg to device at /sdcard/Download/4_người_tấn_công_đôi_nam_nữ_giữa_đường_ở_TPHCM.jpg
2026-03-21 09:44:35,313 - src.android_auto - INFO - Opening YouTube app...
2026-03-21 09:44:44,984 - src.android_auto - INFO - Clicking Create (+) button with self-heal…
2026-03-21 09:44:44,985 - src.android_auto - ERROR - Error during UI automation: name 'descriptionContains' is not defined
2026-03-21 09:44:44,985 - __main__ - ERROR - Failed to upload 4_người_tấn_công_đôi_nam_nữ_giữa_đường_ở_TPHCM.jpg
2026-03-21 09:44:44,988 - __main__ - INFO - Processing new image: 4_phương_pháp_điều_trị_rò_hậu_môn.jpg
2026-03-21 09:44:44,988 - src.android_auto - INFO - Transferring /Users/nguyenquocbao/Developer/auto-upload/temp/4_phương_pháp_điều_trị_rò_hậu_môn.jpg to device at /sdcard/Download/4_phương_pháp_điều_trị_rò_hậu_môn.jpg
2026-03-21 09:44:45,103 - src.android_auto - INFO - Opening YouTube app...
2026-03-21 09:44:54,899 - src.android_auto - INFO - Clicking Create (+) button with self-heal…
2026-03-21 09:44:54,900 - src.android_auto - ERROR - Error during UI automation: name 'descriptionContains' is not defined
2026-03-21 09:44:54,901 - __main__ - ERROR - Failed to upload 4_phương_pháp_điều_trị_rò_hậu_môn.jpg
2026-03-21 09:44:54,903 - __main__ - INFO - Processing new image: 4_thực_phẩm_có_thể_giảm_nguy_cơ_ung_thư_đại_trực_tràng.jpg
2026-03-21 09:44:54,903 - src.android_auto - INFO - Transferring /Users/nguyenquocbao/Developer/auto-upload/temp/4_thực_phẩm_có_thể_giảm_nguy_cơ_ung_thư_đại_trực_tràng.jpg to device at /sdcard/Download/4_thực_phẩm_có_thể_giảm_nguy_cơ_ung_thư_đại_trực_tràng.jpg
2026-03-21 09:44:55,030 - src.android_auto - INFO - Opening YouTube app...
2026-03-21 09:45:04,651 - src.android_auto - INFO - Clicking Create (+) button with self-heal…
2026-03-21 09:45:04,653 - src.android_auto - ERROR - Error during UI automation: name 'descriptionContains' is not defined
2026-03-21 09:45:04,653 - __main__ - ERROR - Failed to upload 4_thực_phẩm_có_thể_giảm_nguy_cơ_ung_thư_đại_trực_tràng.jpg
2026-03-21 09:45:04,653 - __main__ - INFO - ====================================
2026-03-21 09:45:04,653 - __main__ - INFO - Auto Upload Process Completed
2026-03-21 09:45:04,653 - __main__ - INFO - Total processed: 5
2026-03-21 09:45:04,653 - __main__ - INFO - Success: 0, Skipped (duplicate): 0, Failed: 5
2026-03-21 09:45:04,653 - __main__ - INFO - ====================================
2026-03-21 09:46:55,119 - __main__ - INFO - Starting Auto Upload Shorts CLI
2026-03-21 09:46:55,120 - __main__ - INFO - Mode: DRY-RUN (Will not tap final Upload button)
2026-03-21 09:46:55,122 - src.db_manager - INFO - Database initialized and connected at history.sqlite
2026-03-21 09:46:55,122 - src.device - INFO - Connecting to Android device/emulator at 127.0.0.1:5555 (attempt 1/3)…
2026-03-21 09:46:57,764 - src.device - WARNING - uiautomator2.healthcheck() not available; proceeded after info() ping.
2026-03-21 09:46:57,765 - __main__ - INFO - Loaded 5 images from local dir: /Users/nguyenquocbao/Developer/auto-upload/temp
2026-03-21 09:46:57,768 - __main__ - INFO - Processing new image: 3_nhan_sắc_Hoa_hậu_Đại_dương_Việt_Nam_2025_làm_nàng_thơ_áo_dài.jpg
2026-03-21 09:46:57,768 - src.android_auto - INFO - Transferring /Users/nguyenquocbao/Developer/auto-upload/temp/3_nhan_sắc_Hoa_hậu_Đại_dương_Việt_Nam_2025_làm_nàng_thơ_áo_dài.jpg to device at /sdcard/Download/3_nhan_sắc_Hoa_hậu_Đại_dương_Việt_Nam_2025_làm_nàng_thơ_áo_dài.jpg
2026-03-21 09:46:57,875 - src.android_auto - INFO - Opening YouTube app...
2026-03-21 09:47:08,082 - src.android_auto - INFO - Clicking Create (+) button with self-heal…
2026-03-21 09:47:13,356 - src.android_auto - WARNING - Recovering app: force-stop and restart YouTube…
2026-03-21 09:47:22,714 - src.android_auto - WARNING - Recovering app: force-stop and restart YouTube…
2026-03-21 09:47:26,481 - src.android_auto - ERROR - Create action failed after recovery attempts.
2026-03-21 09:47:26,481 - __main__ - ERROR - Failed to upload 3_nhan_sắc_Hoa_hậu_Đại_dương_Việt_Nam_2025_làm_nàng_thơ_áo_dài.jpg
2026-03-21 09:47:26,484 - __main__ - INFO - Processing new image: 4_khung_giờ_vàng_trong_ngày_để_học_tiếng_Anh_hiệu_quả_nhất.jpg
2026-03-21 09:47:26,484 - src.android_auto - INFO - Transferring /Users/nguyenquocbao/Developer/auto-upload/temp/4_khung_giờ_vàng_trong_ngày_để_học_tiếng_Anh_hiệu_quả_nhất.jpg to device at /sdcard/Download/4_khung_giờ_vàng_trong_ngày_để_học_tiếng_Anh_hiệu_quả_nhất.jpg
2026-03-21 09:47:26,604 - src.android_auto - INFO - Opening YouTube app...
2026-03-21 09:47:37,475 - src.android_auto - INFO - Clicking Create (+) button with self-heal…
2026-03-21 09:47:41,797 - src.android_auto - WARNING - Recovering app: force-stop and restart YouTube…
2026-03-21 09:48:28,280 - __main__ - INFO - Starting Auto Upload Shorts CLI
2026-03-21 09:48:28,280 - __main__ - INFO - Mode: DRY-RUN (Will not tap final Upload button)
2026-03-21 09:48:28,283 - src.db_manager - INFO - Database initialized and connected at history.sqlite
2026-03-21 09:48:28,283 - src.device - INFO - Connecting to Android device/emulator at 127.0.0.1:5555 (attempt 1/3)…
2026-03-21 09:48:30,125 - src.device - WARNING - uiautomator2.healthcheck() not available; proceeded after info() ping.
2026-03-21 09:48:30,127 - __main__ - INFO - Loaded 5 images from local dir: /Users/nguyenquocbao/Developer/auto-upload/temp
2026-03-21 09:48:30,130 - __main__ - INFO - Processing new image: 3_nhan_sắc_Hoa_hậu_Đại_dương_Việt_Nam_2025_làm_nàng_thơ_áo_dài.jpg
2026-03-21 09:48:30,130 - src.android_auto - INFO - Transferring /Users/nguyenquocbao/Developer/auto-upload/temp/3_nhan_sắc_Hoa_hậu_Đại_dương_Việt_Nam_2025_làm_nàng_thơ_áo_dài.jpg to device at /sdcard/Download/3_nhan_sắc_Hoa_hậu_Đại_dương_Việt_Nam_2025_làm_nàng_thơ_áo_dài.jpg
2026-03-21 09:48:30,355 - src.android_auto - INFO - Opening YouTube app...
2026-03-21 09:48:40,227 - src.android_auto - INFO - Clicking Create (+) button with self-heal…
2026-03-21 09:48:44,716 - src.android_auto - WARNING - Recovering app: force-stop and restart YouTube…
2026-03-21 09:48:53,460 - src.android_auto - WARNING - Recovering app: force-stop and restart YouTube…
2026-03-21 09:48:57,103 - src.android_auto - ERROR - Create action failed after recovery attempts.
2026-03-21 09:48:57,103 - __main__ - ERROR - Failed to upload 3_nhan_sắc_Hoa_hậu_Đại_dương_Việt_Nam_2025_làm_nàng_thơ_áo_dài.jpg
2026-03-21 09:48:57,106 - __main__ - INFO - Processing new image: 4_khung_giờ_vàng_trong_ngày_để_học_tiếng_Anh_hiệu_quả_nhất.jpg
2026-03-21 09:48:57,106 - src.android_auto - INFO - Transferring /Users/nguyenquocbao/Developer/auto-upload/temp/4_khung_giờ_vàng_trong_ngày_để_học_tiếng_Anh_hiệu_quả_nhất.jpg to device at /sdcard/Download/4_khung_giờ_vàng_trong_ngày_để_học_tiếng_Anh_hiệu_quả_nhất.jpg
2026-03-21 09:48:57,464 - src.android_auto - INFO - Opening YouTube app...
2026-03-21 09:49:07,749 - src.android_auto - INFO - Clicking Create (+) button with self-heal…
2026-03-21 09:49:12,412 - src.android_auto - WARNING - Recovering app: force-stop and restart YouTube…
2026-03-21 09:49:34,013 - src.android_auto - WARNING - Recovering app: force-stop and restart YouTube…
2026-03-21 09:49:38,096 - src.android_auto - ERROR - Create action failed after recovery attempts.
2026-03-21 09:49:38,100 - __main__ - ERROR - Failed to upload 4_khung_giờ_vàng_trong_ngày_để_học_tiếng_Anh_hiệu_quả_nhất.jpg
2026-03-21 09:49:38,109 - __main__ - INFO - Processing new image: 4_người_tấn_công_đôi_nam_nữ_giữa_đường_ở_TPHCM.jpg
2026-03-21 09:49:38,109 - src.android_auto - INFO - Transferring /Users/nguyenquocbao/Developer/auto-upload/temp/4_người_tấn_công_đôi_nam_nữ_giữa_đường_ở_TPHCM.jpg to device at /sdcard/Download/4_người_tấn_công_đôi_nam_nữ_giữa_đường_ở_TPHCM.jpg
2026-03-21 09:49:38,344 - src.android_auto - INFO - Opening YouTube app...
2026-03-21 09:49:48,452 - src.android_auto - INFO - Clicking Create (+) button with self-heal…
2026-03-21 09:50:05,469 - src.android_auto - WARNING - Recovering app: force-stop and restart YouTube…
2026-03-21 09:51:48,383 - __main__ - INFO - Starting Auto Upload Shorts CLI
2026-03-21 09:51:48,384 - __main__ - INFO - Mode: DRY-RUN (Will not tap final Upload button)
2026-03-21 09:51:48,386 - src.db_manager - INFO - Database initialized and connected at history.sqlite
2026-03-21 09:51:48,386 - src.device - INFO - Connecting to Android device/emulator at 127.0.0.1:5555 (attempt 1/3)…
2026-03-21 09:51:58,784 - src.device - WARNING - Connect/healthcheck failed: device 127.0.0.1:5555 not online
2026-03-21 09:52:00,788 - src.device - INFO - Connecting to Android device/emulator at 127.0.0.1:5555 (attempt 2/3)…
2026-03-21 09:52:36,677 - __main__ - INFO - Starting Auto Upload Shorts CLI
2026-03-21 09:52:36,677 - __main__ - INFO - Mode: DRY-RUN (Will not tap final Upload button)
2026-03-21 09:52:36,679 - src.db_manager - INFO - Database initialized and connected at history.sqlite
2026-03-21 09:52:36,679 - src.device - INFO - Connecting to Android device/emulator at 127.0.0.1:5555 (attempt 1/3)…
2026-03-21 09:52:39,659 - src.device - WARNING - uiautomator2.healthcheck() not available; proceeded after info() ping.
2026-03-21 09:52:39,662 - __main__ - INFO - Loaded 5 images from local dir: /Users/nguyenquocbao/Developer/auto-upload/temp
2026-03-21 09:52:39,666 - __main__ - INFO - Processing new image: 3_nhan_sắc_Hoa_hậu_Đại_dương_Việt_Nam_2025_làm_nàng_thơ_áo_dài.jpg
2026-03-21 09:52:39,666 - src.android_auto - INFO - Transferring /Users/nguyenquocbao/Developer/auto-upload/temp/3_nhan_sắc_Hoa_hậu_Đại_dương_Việt_Nam_2025_làm_nàng_thơ_áo_dài.jpg to device at /sdcard/Download/3_nhan_sắc_Hoa_hậu_Đại_dương_Việt_Nam_2025_làm_nàng_thơ_áo_dài.jpg
2026-03-21 09:52:39,914 - src.android_auto - INFO - Opening YouTube app...
2026-03-21 09:52:45,808 - src.android_auto - INFO - Clicking Create (+) button with self-heal…
2026-03-21 09:52:50,436 - src.android_auto - WARNING - Recovering app: force-stop and restart YouTube…
2026-03-21 09:53:00,507 - src.android_auto - WARNING - Recovering app: force-stop and restart YouTube…
2026-03-21 09:53:06,672 - src.android_auto - ERROR - Create action failed after recovery attempts.
2026-03-21 09:53:06,672 - __main__ - ERROR - Failed to upload 3_nhan_sắc_Hoa_hậu_Đại_dương_Việt_Nam_2025_làm_nàng_thơ_áo_dài.jpg
2026-03-21 09:53:06,675 - __main__ - INFO - Processing new image: 4_khung_giờ_vàng_trong_ngày_để_học_tiếng_Anh_hiệu_quả_nhất.jpg
2026-03-21 09:53:06,675 - src.android_auto - INFO - Transferring /Users/nguyenquocbao/Developer/auto-upload/temp/4_khung_giờ_vàng_trong_ngày_để_học_tiếng_Anh_hiệu_quả_nhất.jpg to device at /sdcard/Download/4_khung_giờ_vàng_trong_ngày_để_học_tiếng_Anh_hiệu_quả_nhất.jpg
2026-03-21 09:53:06,937 - src.android_auto - INFO - Opening YouTube app...
2026-03-21 09:53:17,387 - src.android_auto - INFO - Closing popup by clicking: Skip
2026-03-21 09:53:19,432 - src.android_auto - INFO - Clicking Create (+) button with self-heal…
2026-03-21 09:55:39,141 - __main__ - INFO - Starting Auto Upload Shorts CLI
2026-03-21 09:55:39,142 - __main__ - INFO - Mode: DRY-RUN (Will not tap final Upload button)
2026-03-21 09:55:39,144 - src.db_manager - INFO - Database initialized and connected at history.sqlite
2026-03-21 09:55:39,144 - src.device - INFO - Connecting to Android device/emulator at 127.0.0.1:5555 (attempt 1/3)…
2026-03-21 09:55:40,609 - src.device - WARNING - uiautomator2.healthcheck() not available; proceeded after info() ping.
2026-03-21 09:55:40,610 - __main__ - INFO - Loaded 5 images from local dir: /Users/nguyenquocbao/Developer/auto-upload/temp
2026-03-21 09:55:40,612 - __main__ - INFO - Processing new image: 3_nhan_sắc_Hoa_hậu_Đại_dương_Việt_Nam_2025_làm_nàng_thơ_áo_dài.jpg
2026-03-21 09:55:40,612 - src.android_auto - INFO - Transferring /Users/nguyenquocbao/Developer/auto-upload/temp/3_nhan_sắc_Hoa_hậu_Đại_dương_Việt_Nam_2025_làm_nàng_thơ_áo_dài.jpg to device at /sdcard/Download/3_nhan_sắc_Hoa_hậu_Đại_dương_Việt_Nam_2025_làm_nàng_thơ_áo_dài.jpg
2026-03-21 09:55:40,871 - src.android_auto - INFO - Opening YouTube app...
2026-03-21 09:55:44,021 - src.android_auto - INFO - Closing popup by clicking: Close
2026-03-21 09:55:47,675 - src.android_auto - INFO - Clicking Create (+) button…
2026-03-21 09:56:00,083 - src.android_auto - INFO - Clicking 'Create a Short'…
2026-03-21 09:56:00,084 - src.android_auto - ERROR - Error during UI automation: name 'textContains' is not defined
2026-03-21 09:56:00,084 - __main__ - ERROR - Failed to upload 3_nhan_sắc_Hoa_hậu_Đại_dương_Việt_Nam_2025_làm_nàng_thơ_áo_dài.jpg
2026-03-21 09:56:00,087 - __main__ - INFO - Processing new image: 4_khung_giờ_vàng_trong_ngày_để_học_tiếng_Anh_hiệu_quả_nhất.jpg
2026-03-21 09:56:00,087 - src.android_auto - INFO - Transferring /Users/nguyenquocbao/Developer/auto-upload/temp/4_khung_giờ_vàng_trong_ngày_để_học_tiếng_Anh_hiệu_quả_nhất.jpg to device at /sdcard/Download/4_khung_giờ_vàng_trong_ngày_để_học_tiếng_Anh_hiệu_quả_nhất.jpg
2026-03-21 09:56:00,206 - src.android_auto - INFO - Opening YouTube app...
2026-03-21 09:56:07,414 - src.android_auto - INFO - Clicking Create (+) button…
2026-03-21 09:57:31,133 - __main__ - INFO - Starting Auto Upload Shorts CLI
2026-03-21 09:57:31,134 - __main__ - INFO - Mode: DRY-RUN (Will not tap final Upload button)
2026-03-21 09:57:31,139 - src.db_manager - INFO - Database initialized and connected at history.sqlite
2026-03-21 09:57:31,139 - src.device - INFO - Connecting to Android device/emulator at 127.0.0.1:5555 (attempt 1/3)…
2026-03-21 09:57:31,178 - src.device - WARNING - Connect/healthcheck failed: closed
2026-03-21 09:57:33,183 - src.device - INFO - Connecting to Android device/emulator at 127.0.0.1:5555 (attempt 2/3)…
2026-03-21 09:57:34,422 - src.device - WARNING - uiautomator2.healthcheck() not available; proceeded after info() ping.
2026-03-21 09:57:34,424 - __main__ - INFO - Loaded 5 images from local dir: /Users/nguyenquocbao/Developer/auto-upload/temp
2026-03-21 09:57:34,426 - __main__ - INFO - Processing new image: 3_nhan_sắc_Hoa_hậu_Đại_dương_Việt_Nam_2025_làm_nàng_thơ_áo_dài.jpg
2026-03-21 09:57:34,426 - src.android_auto - INFO - Transferring /Users/nguyenquocbao/Developer/auto-upload/temp/3_nhan_sắc_Hoa_hậu_Đại_dương_Việt_Nam_2025_làm_nàng_thơ_áo_dài.jpg to device at /sdcard/Download/3_nhan_sắc_Hoa_hậu_Đại_dương_Việt_Nam_2025_làm_nàng_thơ_áo_dài.jpg
2026-03-21 09:57:34,649 - src.android_auto - INFO - Opening YouTube app...
2026-03-21 09:57:40,477 - src.android_auto - INFO - Clicking Create (+) button…
2026-03-21 09:57:46,649 - src.android_auto - INFO - Clicking 'Create a Short'…
2026-03-21 09:57:46,650 - src.android_auto - ERROR - Error during UI automation: name 'textContains' is not defined
2026-03-21 09:57:46,650 - __main__ - ERROR - Failed to upload 3_nhan_sắc_Hoa_hậu_Đại_dương_Việt_Nam_2025_làm_nàng_thơ_áo_dài.jpg
2026-03-21 09:57:46,653 - __main__ - INFO - Processing new image: 4_khung_giờ_vàng_trong_ngày_để_học_tiếng_Anh_hiệu_quả_nhất.jpg
2026-03-21 09:57:46,653 - src.android_auto - INFO - Transferring /Users/nguyenquocbao/Developer/auto-upload/temp/4_khung_giờ_vàng_trong_ngày_để_học_tiếng_Anh_hiệu_quả_nhất.jpg to device at /sdcard/Download/4_khung_giờ_vàng_trong_ngày_để_học_tiếng_Anh_hiệu_quả_nhất.jpg
2026-03-21 09:57:46,754 - src.android_auto - INFO - Opening YouTube app...
2026-03-21 09:57:52,477 - src.android_auto - INFO - Clicking Create (+) button…
2026-03-21 09:57:58,154 - src.android_auto - INFO - Clicking 'Create a Short'…
2026-03-21 09:57:58,155 - src.android_auto - ERROR - Error during UI automation: name 'textContains' is not defined
2026-03-21 09:57:58,155 - __main__ - ERROR - Failed to upload 4_khung_giờ_vàng_trong_ngày_để_học_tiếng_Anh_hiệu_quả_nhất.jpg
2026-03-21 09:57:58,158 - __main__ - INFO - Processing new image: 4_người_tấn_công_đôi_nam_nữ_giữa_đường_ở_TPHCM.jpg
2026-03-21 09:57:58,158 - src.android_auto - INFO - Transferring /Users/nguyenquocbao/Developer/auto-upload/temp/4_người_tấn_công_đôi_nam_nữ_giữa_đường_ở_TPHCM.jpg to device at /sdcard/Download/4_người_tấn_công_đôi_nam_nữ_giữa_đường_ở_TPHCM.jpg
2026-03-21 09:57:58,263 - src.android_auto - INFO - Opening YouTube app...
2026-03-21 09:58:03,836 - src.android_auto - INFO - Clicking Create (+) button…
2026-03-21 09:58:08,276 - src.android_auto - INFO - Clicking 'Create a Short'…
2026-03-21 09:58:08,277 - src.android_auto - ERROR - Error during UI automation: name 'textContains' is not defined
2026-03-21 09:58:08,277 - __main__ - ERROR - Failed to upload 4_người_tấn_công_đôi_nam_nữ_giữa_đường_ở_TPHCM.jpg
2026-03-21 09:58:08,279 - __main__ - INFO - Processing new image: 4_phương_pháp_điều_trị_rò_hậu_môn.jpg
2026-03-21 09:58:08,279 - src.android_auto - INFO - Transferring /Users/nguyenquocbao/Developer/auto-upload/temp/4_phương_pháp_điều_trị_rò_hậu_môn.jpg to device at /sdcard/Download/4_phương_pháp_điều_trị_rò_hậu_môn.jpg
2026-03-21 09:58:08,369 - src.android_auto - INFO - Opening YouTube app...
2026-03-21 09:58:46,489 - __main__ - INFO - Starting Auto Upload Shorts CLI
2026-03-21 09:58:46,489 - __main__ - INFO - Mode: DRY-RUN (Will not tap final Upload button)
2026-03-21 09:58:46,492 - src.db_manager - INFO - Database initialized and connected at history.sqlite
2026-03-21 09:58:46,492 - src.device - INFO - Connecting to Android device/emulator at 127.0.0.1:5555 (attempt 1/3)…
2026-03-21 09:58:47,781 - src.device - WARNING - uiautomator2.healthcheck() not available; proceeded after info() ping.
2026-03-21 09:58:47,783 - __main__ - INFO - Loaded 5 images from local dir: /Users/nguyenquocbao/Developer/auto-upload/temp
2026-03-21 09:58:47,787 - __main__ - INFO - Processing new image: 3_nhan_sắc_Hoa_hậu_Đại_dương_Việt_Nam_2025_làm_nàng_thơ_áo_dài.jpg
2026-03-21 09:58:47,787 - src.android_auto - INFO - Transferring /Users/nguyenquocbao/Developer/auto-upload/temp/3_nhan_sắc_Hoa_hậu_Đại_dương_Việt_Nam_2025_làm_nàng_thơ_áo_dài.jpg to device at /sdcard/Download/3_nhan_sắc_Hoa_hậu_Đại_dương_Việt_Nam_2025_làm_nàng_thơ_áo_dài.jpg
2026-03-21 09:58:47,885 - src.android_auto - INFO - Opening YouTube app...
2026-03-21 09:58:53,693 - src.android_auto - INFO - Clicking Create (+) button…
2026-03-21 09:59:00,086 - src.android_auto - INFO - Clicking 'Create a Short'…
2026-03-21 09:59:00,086 - src.android_auto - ERROR - Error during UI automation: name 'textContains' is not defined
2026-03-21 09:59:00,087 - __main__ - ERROR - Failed to upload 3_nhan_sắc_Hoa_hậu_Đại_dương_Việt_Nam_2025_làm_nàng_thơ_áo_dài.jpg
2026-03-21 09:59:00,089 - __main__ - INFO - Processing new image: 4_khung_giờ_vàng_trong_ngày_để_học_tiếng_Anh_hiệu_quả_nhất.jpg
2026-03-21 09:59:00,089 - src.android_auto - INFO - Transferring /Users/nguyenquocbao/Developer/auto-upload/temp/4_khung_giờ_vàng_trong_ngày_để_học_tiếng_Anh_hiệu_quả_nhất.jpg to device at /sdcard/Download/4_khung_giờ_vàng_trong_ngày_để_học_tiếng_Anh_hiệu_quả_nhất.jpg
2026-03-21 09:59:00,194 - src.android_auto - INFO - Opening YouTube app...
2026-03-21 09:59:05,900 - src.android_auto - INFO - Clicking Create (+) button…
2026-03-21 09:59:10,644 - src.android_auto - INFO - Clicking 'Create a Short'…
2026-03-21 09:59:10,644 - src.android_auto - ERROR - Error during UI automation: name 'textContains' is not defined
2026-03-21 09:59:10,645 - __main__ - ERROR - Failed to upload 4_khung_giờ_vàng_trong_ngày_để_học_tiếng_Anh_hiệu_quả_nhất.jpg
2026-03-21 09:59:10,647 - __main__ - INFO - Processing new image: 4_người_tấn_công_đôi_nam_nữ_giữa_đường_ở_TPHCM.jpg
2026-03-21 09:59:10,647 - src.android_auto - INFO - Transferring /Users/nguyenquocbao/Developer/auto-upload/temp/4_người_tấn_công_đôi_nam_nữ_giữa_đường_ở_TPHCM.jpg to device at /sdcard/Download/4_người_tấn_công_đôi_nam_nữ_giữa_đường_ở_TPHCM.jpg
2026-03-21 09:59:10,728 - src.android_auto - INFO - Opening YouTube app...
2026-03-21 09:59:17,401 - src.android_auto - INFO - Clicking Create (+) button…
2026-03-21 09:59:17,464 - src.android_auto - ERROR - Error during UI automation: device offline
2026-03-21 09:59:17,464 - __main__ - ERROR - Failed to upload 4_người_tấn_công_đôi_nam_nữ_giữa_đường_ở_TPHCM.jpg
2026-03-21 09:59:17,467 - __main__ - INFO - Processing new image: 4_phương_pháp_điều_trị_rò_hậu_môn.jpg
2026-03-21 09:59:17,467 - src.android_auto - INFO - Transferring /Users/nguyenquocbao/Developer/auto-upload/temp/4_phương_pháp_điều_trị_rò_hậu_môn.jpg to device at /sdcard/Download/4_phương_pháp_điều_trị_rò_hậu_môn.jpg
2026-03-21 09:59:17,478 - src.android_auto - ERROR - Error during UI automation: device offline
2026-03-21 09:59:17,478 - __main__ - ERROR - Failed to upload 4_phương_pháp_điều_trị_rò_hậu_môn.jpg
2026-03-21 09:59:17,480 - __main__ - INFO - Processing new image: 4_thực_phẩm_có_thể_giảm_nguy_cơ_ung_thư_đại_trực_tràng.jpg
2026-03-21 09:59:17,480 - src.android_auto - INFO - Transferring /Users/nguyenquocbao/Developer/auto-upload/temp/4_thực_phẩm_có_thể_giảm_nguy_cơ_ung_thư_đại_trực_tràng.jpg to device at /sdcard/Download/4_thực_phẩm_có_thể_giảm_nguy_cơ_ung_thư_đại_trực_tràng.jpg
2026-03-21 09:59:17,491 - src.android_auto - ERROR - Error during UI automation: device offline
2026-03-21 09:59:17,492 - __main__ - ERROR - Failed to upload 4_thực_phẩm_có_thể_giảm_nguy_cơ_ung_thư_đại_trực_tràng.jpg
2026-03-21 09:59:17,492 - __main__ - INFO - ====================================
2026-03-21 09:59:17,492 - __main__ - INFO - Auto Upload Process Completed
2026-03-21 09:59:17,492 - __main__ - INFO - Total processed: 5
2026-03-21 09:59:17,492 - __main__ - INFO - Success: 0, Skipped (duplicate): 0, Failed: 5
2026-03-21 09:59:17,492 - __main__ - INFO - ====================================
2026-03-21 10:00:25,692 - __main__ - INFO - Starting Auto Upload Shorts CLI
2026-03-21 10:00:25,693 - __main__ - INFO - Mode: DRY-RUN (Will not tap final Upload button)
2026-03-21 10:00:25,696 - src.db_manager - INFO - Database initialized and connected at history.sqlite
2026-03-21 10:00:25,696 - src.device - INFO - Connecting to Android device/emulator at 127.0.0.1:5555 (attempt 1/3)…
2026-03-21 10:00:25,738 - src.device - WARNING - Connect/healthcheck failed: closed
2026-03-21 10:00:27,744 - src.device - INFO - Connecting to Android device/emulator at 127.0.0.1:5555 (attempt 2/3)…
2026-03-21 10:00:28,990 - src.device - WARNING - uiautomator2.healthcheck() not available; proceeded after info() ping.
2026-03-21 10:00:28,992 - __main__ - INFO - Loaded 5 images from local dir: /Users/nguyenquocbao/Developer/auto-upload/temp
2026-03-21 10:00:28,996 - __main__ - INFO - Processing new image: 3_nhan_sắc_Hoa_hậu_Đại_dương_Việt_Nam_2025_làm_nàng_thơ_áo_dài.jpg
2026-03-21 10:00:35,534 - __main__ - INFO - Starting Auto Upload Shorts CLI
2026-03-21 10:00:35,534 - __main__ - INFO - Mode: DRY-RUN (Will not tap final Upload button)
2026-03-21 10:00:35,534 - src.db_manager - INFO - Database initialized and connected at history.sqlite
2026-03-21 10:00:35,534 - src.device - INFO - Connecting to Android device/emulator at 127.0.0.1:5555 (attempt 1/3)…
2026-03-21 10:00:36,816 - src.device - WARNING - uiautomator2.healthcheck() not available; proceeded after info() ping.
2026-03-21 10:00:36,818 - __main__ - INFO - Loaded 5 images from local dir: /Users/nguyenquocbao/Developer/auto-upload/temp
2026-03-21 10:00:36,820 - __main__ - INFO - Processing new image: 3_nhan_sắc_Hoa_hậu_Đại_dương_Việt_Nam_2025_làm_nàng_thơ_áo_dài.jpg
2026-03-21 10:00:46,024 - __main__ - INFO - Starting Auto Upload Shorts CLI
2026-03-21 10:00:46,024 - __main__ - INFO - Mode: DRY-RUN (Will not tap final Upload button)
2026-03-21 10:00:46,024 - src.db_manager - INFO - Database initialized and connected at history.sqlite
2026-03-21 10:00:46,024 - src.device - INFO - Connecting to Android device/emulator at 127.0.0.1:5555 (attempt 1/3)…
2026-03-21 10:00:46,721 - src.device - WARNING - uiautomator2.healthcheck() not available; proceeded after info() ping.
2026-03-21 10:00:46,722 - __main__ - INFO - Loaded 5 images from local dir: /Users/nguyenquocbao/Developer/auto-upload/temp
2026-03-21 10:00:46,723 - __main__ - INFO - Processing new image: 3_nhan_sắc_Hoa_hậu_Đại_dương_Việt_Nam_2025_làm_nàng_thơ_áo_dài.jpg
2026-03-21 10:01:27,872 - __main__ - INFO - Starting Auto Upload Shorts CLI
2026-03-21 10:01:27,872 - __main__ - INFO - Mode: DRY-RUN (Will not tap final Upload button)
2026-03-21 10:01:27,875 - src.db_manager - INFO - Database initialized and connected at history.sqlite
2026-03-21 10:01:27,875 - src.device - INFO - Connecting to Android device/emulator at 127.0.0.1:5555 (attempt 1/3)…
2026-03-21 10:01:30,900 - src.device - WARNING - uiautomator2.healthcheck() not available; proceeded after info() ping.
2026-03-21 10:01:30,903 - __main__ - INFO - Loaded 5 images from local dir: /Users/nguyenquocbao/Developer/auto-upload/temp
2026-03-21 10:01:30,907 - __main__ - INFO - Processing new image: 3_nhan_sắc_Hoa_hậu_Đại_dương_Việt_Nam_2025_làm_nàng_thơ_áo_dài.jpg
2026-03-21 10:01:59,732 - __main__ - INFO - Starting Auto Upload Shorts CLI
2026-03-21 10:01:59,732 - __main__ - INFO - Mode: DRY-RUN (Will not tap final Upload button)
2026-03-21 10:01:59,734 - src.db_manager - INFO - Database initialized and connected at history.sqlite
2026-03-21 10:01:59,734 - src.device - INFO - Connecting to Android device/emulator at 127.0.0.1:5555 (attempt 1/3)…
2026-03-21 10:02:01,039 - src.device - WARNING - uiautomator2.healthcheck() not available; proceeded after info() ping.
2026-03-21 10:02:01,040 - __main__ - INFO - Loaded 5 images from local dir: /Users/nguyenquocbao/Developer/auto-upload/temp
2026-03-21 10:02:01,043 - __main__ - INFO - Processing new image: 3_nhan_sắc_Hoa_hậu_Đại_dương_Việt_Nam_2025_làm_nàng_thơ_áo_dài.jpg
2026-03-21 10:02:01,043 - src.android_auto - INFO - Transferring /Users/nguyenquocbao/Developer/auto-upload/temp/3_nhan_sắc_Hoa_hậu_Đại_dương_Việt_Nam_2025_làm_nàng_thơ_áo_dài.jpg to device at /sdcard/Download/3_nhan_sắc_Hoa_hậu_Đại_dương_Việt_Nam_2025_làm_nàng_thơ_áo_dài.jpg
2026-03-21 10:02:01,317 - src.android_auto - INFO - Opening YouTube app...
2026-03-21 10:02:11,133 - src.android_auto - INFO - Clicking Create (+) button...
2026-03-21 10:02:18,668 - src.android_auto - INFO - Clicking 'Create a Short'...
2026-03-21 10:02:20,950 - src.android_auto - INFO - Picking image from gallery...
2026-03-21 10:02:30,149 - src.android_auto - INFO - Selecting the recent image...
2026-03-21 10:02:35,517 - src.android_auto - INFO - Clicking Done/Next after selection...
2026-03-21 10:02:37,814 - src.android_auto - INFO - Clicking Done/Next after selection...
2026-03-21 10:02:38,111 - src.android_auto - INFO - Adding trending music...
2026-03-21 10:02:39,950 - src.android_auto - ERROR - Error during UI automation: name 'textContains' is not defined
2026-03-21 10:02:39,950 - __main__ - ERROR - Failed to upload 3_nhan_sắc_Hoa_hậu_Đại_dương_Việt_Nam_2025_làm_nàng_thơ_áo_dài.jpg
2026-03-21 10:02:39,953 - __main__ - INFO - Processing new image: 4_khung_giờ_vàng_trong_ngày_để_học_tiếng_Anh_hiệu_quả_nhất.jpg
2026-03-21 10:02:39,954 - src.android_auto - INFO - Transferring /Users/nguyenquocbao/Developer/auto-upload/temp/4_khung_giờ_vàng_trong_ngày_để_học_tiếng_Anh_hiệu_quả_nhất.jpg to device at /sdcard/Download/4_khung_giờ_vàng_trong_ngày_để_học_tiếng_Anh_hiệu_quả_nhất.jpg
2026-03-21 10:02:40,029 - src.android_auto - INFO - Opening YouTube app...
2026-03-21 10:02:51,546 - src.android_auto - INFO - Clicking Create (+) button...
2026-03-21 10:02:55,872 - src.android_auto - INFO - Clicking 'Create a Short'...
2026-03-21 10:02:59,125 - src.android_auto - ERROR - Error during UI automation: Remote end closed connection without response
2026-03-21 10:02:59,126 - __main__ - ERROR - Failed to upload 4_khung_giờ_vàng_trong_ngày_để_học_tiếng_Anh_hiệu_quả_nhất.jpg
2026-03-21 10:02:59,129 - __main__ - INFO - Processing new image: 4_người_tấn_công_đôi_nam_nữ_giữa_đường_ở_TPHCM.jpg
2026-03-21 10:02:59,129 - src.android_auto - INFO - Transferring /Users/nguyenquocbao/Developer/auto-upload/temp/4_người_tấn_công_đôi_nam_nữ_giữa_đường_ở_TPHCM.jpg to device at /sdcard/Download/4_người_tấn_công_đôi_nam_nữ_giữa_đường_ở_TPHCM.jpg
2026-03-21 10:02:59,142 - src.android_auto - ERROR - Error during UI automation: device offline
2026-03-21 10:02:59,143 - __main__ - ERROR - Failed to upload 4_người_tấn_công_đôi_nam_nữ_giữa_đường_ở_TPHCM.jpg
2026-03-21 10:02:59,145 - __main__ - INFO - Processing new image: 4_phương_pháp_điều_trị_rò_hậu_môn.jpg
2026-03-21 10:02:59,145 - src.android_auto - INFO - Transferring /Users/nguyenquocbao/Developer/auto-upload/temp/4_phương_pháp_điều_trị_rò_hậu_môn.jpg to device at /sdcard/Download/4_phương_pháp_điều_trị_rò_hậu_môn.jpg
2026-03-21 10:02:59,156 - src.android_auto - ERROR - Error during UI automation: device offline
2026-03-21 10:02:59,156 - __main__ - ERROR - Failed to upload 4_phương_pháp_điều_trị_rò_hậu_môn.jpg
2026-03-21 10:02:59,158 - __main__ - INFO - Processing new image: 4_thực_phẩm_có_thể_giảm_nguy_cơ_ung_thư_đại_trực_tràng.jpg
2026-03-21 10:02:59,158 - src.android_auto - INFO - Transferring /Users/nguyenquocbao/Developer/auto-upload/temp/4_thực_phẩm_có_thể_giảm_nguy_cơ_ung_thư_đại_trực_tràng.jpg to device at /sdcard/Download/4_thực_phẩm_có_thể_giảm_nguy_cơ_ung_thư_đại_trực_tràng.jpg
2026-03-21 10:02:59,171 - src.android_auto - ERROR - Error during UI automation: device offline
2026-03-21 10:02:59,171 - __main__ - ERROR - Failed to upload 4_thực_phẩm_có_thể_giảm_nguy_cơ_ung_thư_đại_trực_tràng.jpg
2026-03-21 10:02:59,171 - __main__ - INFO - ====================================
2026-03-21 10:02:59,171 - __main__ - INFO - Auto Upload Process Completed
2026-03-21 10:02:59,172 - __main__ - INFO - Total processed: 5
2026-03-21 10:02:59,172 - __main__ - INFO - Success: 0, Skipped (duplicate): 0, Failed: 5
2026-03-21 10:02:59,172 - __main__ - INFO - ====================================
2026-03-21 11:11:26,768 - __main__ - INFO - Starting Auto Upload Shorts CLI
2026-03-21 11:11:26,768 - __main__ - INFO - Mode: DRY-RUN (Will not tap final Upload button)
2026-03-21 11:11:26,769 - src.db_manager - INFO - Database initialized and connected at history.sqlite
2026-03-21 11:11:26,769 - src.device - INFO - Connecting to Android device/emulator at 127.0.0.1:5554 (attempt 1/3)…
2026-03-21 11:11:36,921 - src.device - WARNING - Connect/healthcheck failed: device 127.0.0.1:5554 not online
2026-03-21 11:11:38,927 - src.device - INFO - Connecting to Android device/emulator at 127.0.0.1:5554 (attempt 2/3)…
2026-03-21 11:11:49,095 - src.device - WARNING - Connect/healthcheck failed: device 127.0.0.1:5554 not online
2026-03-21 11:11:53,099 - src.device - INFO - Connecting to Android device/emulator at 127.0.0.1:5554 (attempt 3/3)…
2026-03-21 11:12:03,274 - src.device - WARNING - Connect/healthcheck failed: device 127.0.0.1:5554 not online
2026-03-21 11:12:03,276 - __main__ - ERROR - Could not connect to Android device/emulator. Stop.
2026-03-21 11:12:56,886 - __main__ - INFO - Starting Auto Upload Shorts CLI
2026-03-21 11:12:56,887 - __main__ - INFO - Mode: DRY-RUN (Will not tap final Upload button)
2026-03-21 11:12:56,889 - src.db_manager - INFO - Database initialized and connected at history.sqlite
2026-03-21 11:12:56,889 - src.device - INFO - Connecting to Android device/emulator at emulator-5554 (attempt 1/3)…
2026-03-21 11:13:00,873 - src.device - WARNING - uiautomator2.healthcheck() not available; proceeded after info() ping.
2026-03-21 11:13:00,876 - __main__ - INFO - Loaded 5 images from local dir: /Users/nguyenquocbao/Developer/auto-upload/temp
2026-03-21 11:13:00,882 - __main__ - INFO - Processing new image: 3_nhan_sắc_Hoa_hậu_Đại_dương_Việt_Nam_2025_làm_nàng_thơ_áo_dài.jpg
2026-03-21 11:13:00,882 - src.android_auto - INFO - Transferring /Users/nguyenquocbao/Developer/auto-upload/temp/3_nhan_sắc_Hoa_hậu_Đại_dương_Việt_Nam_2025_làm_nàng_thơ_áo_dài.jpg to device at /sdcard/Download/3_nhan_sắc_Hoa_hậu_Đại_dương_Việt_Nam_2025_làm_nàng_thơ_áo_dài.jpg
2026-03-21 11:13:01,675 - src.android_auto - INFO - Opening YouTube app...
2026-03-21 11:13:20,387 - src.android_auto - INFO - Clicking Create (+) button...
2026-03-21 11:13:28,597 - src.android_auto - ERROR - Could not find Create button.
2026-03-21 11:13:28,599 - __main__ - ERROR - Failed to upload 3_nhan_sắc_Hoa_hậu_Đại_dương_Việt_Nam_2025_làm_nàng_thơ_áo_dài.jpg
2026-03-21 11:13:28,602 - __main__ - INFO - Processing new image: 4_khung_giờ_vàng_trong_ngày_để_học_tiếng_Anh_hiệu_quả_nhất.jpg
2026-03-21 11:13:28,602 - src.android_auto - INFO - Transferring /Users/nguyenquocbao/Developer/auto-upload/temp/4_khung_giờ_vàng_trong_ngày_để_học_tiếng_Anh_hiệu_quả_nhất.jpg to device at /sdcard/Download/4_khung_giờ_vàng_trong_ngày_để_học_tiếng_Anh_hiệu_quả_nhất.jpg
2026-03-21 11:13:28,793 - src.android_auto - INFO - Opening YouTube app...
2026-03-21 11:13:49,088 - src.android_auto - INFO - Clicking Create (+) button...
2026-03-21 11:13:57,314 - src.android_auto - ERROR - Could not find Create button.
2026-03-21 11:13:57,315 - __main__ - ERROR - Failed to upload 4_khung_giờ_vàng_trong_ngày_để_học_tiếng_Anh_hiệu_quả_nhất.jpg
2026-03-21 11:13:57,317 - __main__ - INFO - Processing new image: 4_người_tấn_công_đôi_nam_nữ_giữa_đường_ở_TPHCM.jpg
2026-03-21 11:13:57,317 - src.android_auto - INFO - Transferring /Users/nguyenquocbao/Developer/auto-upload/temp/4_người_tấn_công_đôi_nam_nữ_giữa_đường_ở_TPHCM.jpg to device at /sdcard/Download/4_người_tấn_công_đôi_nam_nữ_giữa_đường_ở_TPHCM.jpg
2026-03-21 11:13:57,586 - src.android_auto - INFO - Opening YouTube app...
2026-03-21 12:11:50,749 - __main__ - INFO - Starting Auto Upload Shorts CLI
2026-03-21 12:11:50,750 - __main__ - INFO - Mode: DRY-RUN (Will not tap final Upload button)
2026-03-21 12:11:50,753 - src.db_manager - INFO - Database initialized and connected at history.sqlite
2026-03-21 12:11:50,753 - src.device - INFO - Connecting to Android device/emulator at 127.0.0.1:5554 (attempt 1/3)…
2026-03-21 12:12:04,436 - src.device - WARNING - Connect/healthcheck failed: device 127.0.0.1:5554 not online
2026-03-21 12:12:06,440 - src.device - INFO - Connecting to Android device/emulator at 127.0.0.1:5554 (attempt 2/3)…
2026-03-21 12:12:39,064 - __main__ - INFO - Starting Auto Upload Shorts CLI
2026-03-21 12:12:39,065 - __main__ - INFO - Mode: DRY-RUN (Will not tap final Upload button)
2026-03-21 12:12:39,067 - src.db_manager - INFO - Database initialized and connected at history.sqlite
2026-03-21 12:12:39,067 - src.device - INFO - Connecting to Android device/emulator at 127.0.0.1:5555 (attempt 1/3)…
2026-03-21 12:12:40,461 - src.device - WARNING - uiautomator2.healthcheck() not available; proceeded after info() ping.
2026-03-21 12:12:40,463 - __main__ - INFO - Loaded 5 images from local dir: /Users/nguyenquocbao/Developer/auto-upload/temp
2026-03-21 12:12:40,467 - __main__ - INFO - Processing new image: 3_nhan_sắc_Hoa_hậu_Đại_dương_Việt_Nam_2025_làm_nàng_thơ_áo_dài.jpg
2026-03-21 12:12:40,467 - src.android_auto - INFO - Transferring /Users/nguyenquocbao/Developer/auto-upload/temp/3_nhan_sắc_Hoa_hậu_Đại_dương_Việt_Nam_2025_làm_nàng_thơ_áo_dài.jpg to device at /sdcard/Download/3_nhan_sắc_Hoa_hậu_Đại_dương_Việt_Nam_2025_làm_nàng_thơ_áo_dài.jpg
2026-03-21 12:12:40,708 - src.android_auto - INFO - Opening YouTube app...
2026-03-21 12:12:50,666 - src.android_auto - INFO - Clicking Create (+) button...
2026-03-21 12:12:58,181 - src.android_auto - INFO - Clicking 'Create a Short'...
2026-03-21 12:13:00,437 - src.android_auto - INFO - Picking image from gallery...
2026-03-21 12:13:10,071 - src.android_auto - INFO - Selecting the recent image...
2026-03-21 12:13:15,468 - src.android_auto - INFO - Clicking Done/Next after selection...
2026-03-21 12:13:17,742 - src.android_auto - INFO - Clicking Done/Next after selection...
2026-03-21 12:13:17,997 - src.android_auto - INFO - Adding trending music...
2026-03-21 12:13:19,916 - src.android_auto - ERROR - Error during UI automation: name 'textContains' is not defined
2026-03-21 12:13:19,917 - __main__ - ERROR - Failed to upload 3_nhan_sắc_Hoa_hậu_Đại_dương_Việt_Nam_2025_làm_nàng_thơ_áo_dài.jpg
2026-03-21 12:13:19,920 - __main__ - INFO - Processing new image: 4_khung_giờ_vàng_trong_ngày_để_học_tiếng_Anh_hiệu_quả_nhất.jpg
2026-03-21 12:13:19,920 - src.android_auto - INFO - Transferring /Users/nguyenquocbao/Developer/auto-upload/temp/4_khung_giờ_vàng_trong_ngày_để_học_tiếng_Anh_hiệu_quả_nhất.jpg to device at /sdcard/Download/4_khung_giờ_vàng_trong_ngày_để_học_tiếng_Anh_hiệu_quả_nhất.jpg
2026-03-21 12:13:20,139 - src.android_auto - INFO - Opening YouTube app...
2026-03-21 12:13:30,085 - src.android_auto - INFO - Clicking Create (+) button...
2026-03-21 12:13:38,253 - src.android_auto - ERROR - Could not find Create button.
2026-03-21 12:13:38,254 - __main__ - ERROR - Failed to upload 4_khung_giờ_vàng_trong_ngày_để_học_tiếng_Anh_hiệu_quả_nhất.jpg
2026-03-21 12:13:38,257 - __main__ - INFO - Processing new image: 4_người_tấn_công_đôi_nam_nữ_giữa_đường_ở_TPHCM.jpg
2026-03-21 12:13:38,258 - src.android_auto - INFO - Transferring /Users/nguyenquocbao/Developer/auto-upload/temp/4_người_tấn_công_đôi_nam_nữ_giữa_đường_ở_TPHCM.jpg to device at /sdcard/Download/4_người_tấn_công_đôi_nam_nữ_giữa_đường_ở_TPHCM.jpg
2026-03-21 12:13:38,399 - src.android_auto - INFO - Opening YouTube app...
2026-03-21 12:13:48,720 - src.android_auto - INFO - Clicking Create (+) button...
